
*** Running vivado
    with args -log mkCLA32.vds -m64 -product Vivado -mode batch -messageDb vivado.pb -notrace -source mkCLA32.tcl


****** Vivado v2023.2 (64-bit)
  **** SW Build 4029153 on Fri Oct 13 20:13:54 MDT 2023
  **** IP Build 4028589 on Sat Oct 14 00:45:43 MDT 2023
  **** SharedData Build 4025554 on Tue Oct 10 17:18:54 MDT 2023
    ** Copyright 1986-2022 Xilinx, Inc. All Rights Reserved.
    ** Copyright 2022-2023 Advanced Micro Devices, Inc. All Rights Reserved.

source mkCLA32.tcl -notrace
Command: read_checkpoint -auto_incremental -incremental /home/satishkumar/PC/Bluespec_sv/Learning/AdderCircuits/CarryLookAhead32/CLA_32/CLA_32.srcs/utils_1/imports/synth_1/mkCLA32.dcp
INFO: [Vivado 12-5825] Read reference checkpoint from /home/satishkumar/PC/Bluespec_sv/Learning/AdderCircuits/CarryLookAhead32/CLA_32/CLA_32.srcs/utils_1/imports/synth_1/mkCLA32.dcp for incremental synthesis
INFO: [Vivado 12-7989] Please ensure there are no constraint changes
Command: synth_design -top mkCLA32 -part xc7s50csga324-2
Starting synth_design
Attempting to get a license for feature 'Synthesis' and/or device 'xc7s50'
INFO: [Common 17-349] Got license for feature 'Synthesis' and/or device 'xc7s50'
INFO: [Device 21-403] Loading part xc7s50csga324-2
INFO: [Designutils 20-5440] No compile time benefit to using incremental synthesis; A full resynthesis will be run
INFO: [Designutils 20-4379] Flow is switching to default flow due to incremental criteria not met. If you would like to alter this behaviour and have the flow terminate instead, please set the following parameter config_implementation {autoIncr.Synth.RejectBehavior Terminate}
INFO: [Synth 8-7079] Multithreading enabled for synth_design using a maximum of 4 processes.
INFO: [Synth 8-7078] Launching helper process for spawning children vivado processes
INFO: [Synth 8-7075] Helper process launched with PID 94136
---------------------------------------------------------------------------------
Starting RTL Elaboration : Time (s): cpu = 00:00:02 ; elapsed = 00:00:02 . Memory (MB): peak = 2028.469 ; gain = 407.684 ; free physical = 1432 ; free virtual = 10486
---------------------------------------------------------------------------------
INFO: [Synth 8-6157] synthesizing module 'mkCLA32' [/home/satishkumar/PC/Bluespec_sv/Learning/AdderCircuits/CarryLookAhead32/verilog/mkCLA32.v:40]
INFO: [Synth 8-6155] done synthesizing module 'mkCLA32' (0#1) [/home/satishkumar/PC/Bluespec_sv/Learning/AdderCircuits/CarryLookAhead32/verilog/mkCLA32.v:40]
WARNING: [Synth 8-3917] design mkCLA32 has port RDY_start driven by constant 1
WARNING: [Synth 8-3917] design mkCLA32 has port RDY_return_sum driven by constant 1
WARNING: [Synth 8-3917] design mkCLA32 has port RDY_return_carry driven by constant 1
---------------------------------------------------------------------------------
Finished RTL Elaboration : Time (s): cpu = 00:00:03 ; elapsed = 00:00:03 . Memory (MB): peak = 2102.438 ; gain = 481.652 ; free physical = 1335 ; free virtual = 10389
---------------------------------------------------------------------------------
---------------------------------------------------------------------------------
Start Handling Custom Attributes
---------------------------------------------------------------------------------
---------------------------------------------------------------------------------
Finished Handling Custom Attributes : Time (s): cpu = 00:00:03 ; elapsed = 00:00:03 . Memory (MB): peak = 2120.250 ; gain = 499.465 ; free physical = 1333 ; free virtual = 10387
---------------------------------------------------------------------------------
---------------------------------------------------------------------------------
Finished RTL Optimization Phase 1 : Time (s): cpu = 00:00:03 ; elapsed = 00:00:03 . Memory (MB): peak = 2120.250 ; gain = 499.465 ; free physical = 1333 ; free virtual = 10387
---------------------------------------------------------------------------------
Netlist sorting complete. Time (s): cpu = 00:00:00 ; elapsed = 00:00:00.01 . Memory (MB): peak = 2120.250 ; gain = 0.000 ; free physical = 1333 ; free virtual = 10387
INFO: [Project 1-570] Preparing netlist for logic optimization

Processing XDC Constraints
Initializing timing engine
Parsing XDC File [/home/satishkumar/PC/Bluespec_sv/Learning/AdderCircuits/CarryLookAhead32/CLA_32/CLA_32.srcs/constrs_1/new/constraints.xdc]
INFO: [Vivado 12-2286] Implicit search of objects for pattern 'CLK' matched to 'port' objects. [/home/satishkumar/PC/Bluespec_sv/Learning/AdderCircuits/CarryLookAhead32/CLA_32/CLA_32.srcs/constrs_1/new/constraints.xdc:1]
Resolution: To avoid ambiguous patterns, provide proper objects using get commands e.g. [get_nets xyz].
Finished Parsing XDC File [/home/satishkumar/PC/Bluespec_sv/Learning/AdderCircuits/CarryLookAhead32/CLA_32/CLA_32.srcs/constrs_1/new/constraints.xdc]
Completed Processing XDC Constraints

Netlist sorting complete. Time (s): cpu = 00:00:00 ; elapsed = 00:00:00 . Memory (MB): peak = 2264.000 ; gain = 0.000 ; free physical = 1323 ; free virtual = 10377
INFO: [Project 1-111] Unisim Transformation Summary:
No Unisim elements were transformed.

Constraint Validation Runtime : Time (s): cpu = 00:00:00 ; elapsed = 00:00:00.01 . Memory (MB): peak = 2264.035 ; gain = 0.000 ; free physical = 1323 ; free virtual = 10377
INFO: [Designutils 20-5440] No compile time benefit to using incremental synthesis; A full resynthesis will be run
INFO: [Designutils 20-4379] Flow is switching to default flow due to incremental criteria not met. If you would like to alter this behaviour and have the flow terminate instead, please set the following parameter config_implementation {autoIncr.Synth.RejectBehavior Terminate}
---------------------------------------------------------------------------------
Finished Constraint Validation : Time (s): cpu = 00:00:07 ; elapsed = 00:00:07 . Memory (MB): peak = 2264.035 ; gain = 643.250 ; free physical = 1288 ; free virtual = 10355
---------------------------------------------------------------------------------
---------------------------------------------------------------------------------
Start Loading Part and Timing Information
---------------------------------------------------------------------------------
Loading part: xc7s50csga324-2
---------------------------------------------------------------------------------
Finished Loading Part and Timing Information : Time (s): cpu = 00:00:07 ; elapsed = 00:00:07 . Memory (MB): peak = 2264.035 ; gain = 643.250 ; free physical = 1287 ; free virtual = 10354
---------------------------------------------------------------------------------
---------------------------------------------------------------------------------
Start Applying 'set_property' XDC Constraints
---------------------------------------------------------------------------------
---------------------------------------------------------------------------------
Finished applying 'set_property' XDC Constraints : Time (s): cpu = 00:00:07 ; elapsed = 00:00:07 . Memory (MB): peak = 2264.035 ; gain = 643.250 ; free physical = 1287 ; free virtual = 10354
---------------------------------------------------------------------------------
---------------------------------------------------------------------------------
Finished RTL Optimization Phase 2 : Time (s): cpu = 00:00:07 ; elapsed = 00:00:07 . Memory (MB): peak = 2264.035 ; gain = 643.250 ; free physical = 1274 ; free virtual = 10343
---------------------------------------------------------------------------------
---------------------------------------------------------------------------------
Start RTL Component Statistics 
---------------------------------------------------------------------------------
Detailed RTL Component Info : 
+---XORs : 
	   2 Input     32 Bit         XORs := 2     
	   2 Input      1 Bit         XORs := 2     
+---Registers : 
	               33 Bit    Registers := 1     
	               32 Bit    Registers := 2     
	                1 Bit    Registers := 2     
---------------------------------------------------------------------------------
Finished RTL Component Statistics 
---------------------------------------------------------------------------------
---------------------------------------------------------------------------------
Start Part Resource Summary
---------------------------------------------------------------------------------
Part Resources:
DSPs: 120 (col length:60)
BRAMs: 150 (col length: RAMB18 60 RAMB36 30)
---------------------------------------------------------------------------------
Finished Part Resource Summary
---------------------------------------------------------------------------------
---------------------------------------------------------------------------------
Start Cross Boundary and Area Optimization
---------------------------------------------------------------------------------
WARNING: [Synth 8-7080] Parallel synthesis criteria is not met
WARNING: [Synth 8-3917] design mkCLA32 has port RDY_start driven by constant 1
WARNING: [Synth 8-3917] design mkCLA32 has port RDY_return_sum driven by constant 1
WARNING: [Synth 8-3917] design mkCLA32 has port RDY_return_carry driven by constant 1
---------------------------------------------------------------------------------
Finished Cross Boundary and Area Optimization : Time (s): cpu = 00:00:09 ; elapsed = 00:00:09 . Memory (MB): peak = 2264.035 ; gain = 643.250 ; free physical = 1257 ; free virtual = 10330
---------------------------------------------------------------------------------
---------------------------------------------------------------------------------
Start Applying XDC Timing Constraints
---------------------------------------------------------------------------------
---------------------------------------------------------------------------------
Finished Applying XDC Timing Constraints : Time (s): cpu = 00:00:11 ; elapsed = 00:00:11 . Memory (MB): peak = 2264.035 ; gain = 643.250 ; free physical = 1330 ; free virtual = 10328
---------------------------------------------------------------------------------
---------------------------------------------------------------------------------
Start Timing Optimization
---------------------------------------------------------------------------------
---------------------------------------------------------------------------------
Finished Timing Optimization : Time (s): cpu = 00:00:12 ; elapsed = 00:00:12 . Memory (MB): peak = 2264.035 ; gain = 643.250 ; free physical = 1325 ; free virtual = 10326
---------------------------------------------------------------------------------
---------------------------------------------------------------------------------
Start Technology Mapping
---------------------------------------------------------------------------------
---------------------------------------------------------------------------------
Finished Technology Mapping : Time (s): cpu = 00:00:12 ; elapsed = 00:00:12 . Memory (MB): peak = 2264.035 ; gain = 643.250 ; free physical = 1325 ; free virtual = 10326
---------------------------------------------------------------------------------
---------------------------------------------------------------------------------
Start IO Insertion
---------------------------------------------------------------------------------
---------------------------------------------------------------------------------
Start Flattening Before IO Insertion
---------------------------------------------------------------------------------
---------------------------------------------------------------------------------
Finished Flattening Before IO Insertion
---------------------------------------------------------------------------------
---------------------------------------------------------------------------------
Start Final Netlist Cleanup
---------------------------------------------------------------------------------
---------------------------------------------------------------------------------
Finished Final Netlist Cleanup
---------------------------------------------------------------------------------
---------------------------------------------------------------------------------
Finished IO Insertion : Time (s): cpu = 00:00:14 ; elapsed = 00:00:15 . Memory (MB): peak = 2264.035 ; gain = 643.250 ; free physical = 1319 ; free virtual = 10325
---------------------------------------------------------------------------------
---------------------------------------------------------------------------------
Start Renaming Generated Instances
---------------------------------------------------------------------------------
---------------------------------------------------------------------------------
Finished Renaming Generated Instances : Time (s): cpu = 00:00:14 ; elapsed = 00:00:15 . Memory (MB): peak = 2264.035 ; gain = 643.250 ; free physical = 1319 ; free virtual = 10325
---------------------------------------------------------------------------------
---------------------------------------------------------------------------------
Start Rebuilding User Hierarchy
---------------------------------------------------------------------------------
---------------------------------------------------------------------------------
Finished Rebuilding User Hierarchy : Time (s): cpu = 00:00:14 ; elapsed = 00:00:15 . Memory (MB): peak = 2264.035 ; gain = 643.250 ; free physical = 1318 ; free virtual = 10325
---------------------------------------------------------------------------------
---------------------------------------------------------------------------------
Start Renaming Generated Ports
---------------------------------------------------------------------------------
---------------------------------------------------------------------------------
Finished Renaming Generated Ports : Time (s): cpu = 00:00:14 ; elapsed = 00:00:15 . Memory (MB): peak = 2264.035 ; gain = 643.250 ; free physical = 1318 ; free virtual = 10325
---------------------------------------------------------------------------------
---------------------------------------------------------------------------------
Start Handling Custom Attributes
---------------------------------------------------------------------------------
---------------------------------------------------------------------------------
Finished Handling Custom Attributes : Time (s): cpu = 00:00:14 ; elapsed = 00:00:15 . Memory (MB): peak = 2264.035 ; gain = 643.250 ; free physical = 1318 ; free virtual = 10325
---------------------------------------------------------------------------------
---------------------------------------------------------------------------------
Start Renaming Generated Nets
---------------------------------------------------------------------------------
---------------------------------------------------------------------------------
Finished Renaming Generated Nets : Time (s): cpu = 00:00:14 ; elapsed = 00:00:15 . Memory (MB): peak = 2264.035 ; gain = 643.250 ; free physical = 1318 ; free virtual = 10325
---------------------------------------------------------------------------------
---------------------------------------------------------------------------------
Start Writing Synthesis Report
---------------------------------------------------------------------------------

Report BlackBoxes: 
+-+--------------+----------+
| |BlackBox name |Instances |
+-+--------------+----------+
+-+--------------+----------+

Report Cell Usage: 
+------+-----+------+
|      |Cell |Count |
+------+-----+------+
|1     |BUFG |     1|
|2     |LUT1 |     2|
|3     |LUT2 |    11|
|4     |LUT3 |    15|
|5     |LUT5 |    41|
|6     |LUT6 |    11|
|7     |FDRE |    99|
|8     |IBUF |    68|
|9     |OBUF |    38|
+------+-----+------+
---------------------------------------------------------------------------------
Finished Writing Synthesis Report : Time (s): cpu = 00:00:14 ; elapsed = 00:00:15 . Memory (MB): peak = 2264.035 ; gain = 643.250 ; free physical = 1318 ; free virtual = 10325
---------------------------------------------------------------------------------
Synthesis finished with 0 errors, 0 critical warnings and 4 warnings.
Synthesis Optimization Runtime : Time (s): cpu = 00:00:13 ; elapsed = 00:00:14 . Memory (MB): peak = 2264.035 ; gain = 499.465 ; free physical = 1318 ; free virtual = 10325
Synthesis Optimization Complete : Time (s): cpu = 00:00:14 ; elapsed = 00:00:15 . Memory (MB): peak = 2264.035 ; gain = 643.250 ; free physical = 1318 ; free virtual = 10325
INFO: [Project 1-571] Translating synthesized netlist
Netlist sorting complete. Time (s): cpu = 00:00:00 ; elapsed = 00:00:00 . Memory (MB): peak = 2264.035 ; gain = 0.000 ; free physical = 1318 ; free virtual = 10325
INFO: [Project 1-570] Preparing netlist for logic optimization
INFO: [Opt 31-138] Pushed 0 inverter(s) to 0 load pin(s).
Netlist sorting complete. Time (s): cpu = 00:00:00 ; elapsed = 00:00:00 . Memory (MB): peak = 2264.035 ; gain = 0.000 ; free physical = 1615 ; free virtual = 10621
INFO: [Project 1-111] Unisim Transformation Summary:
No Unisim elements were transformed.

Synth Design complete | Checksum: 430b12a3
INFO: [Common 17-83] Releasing license: Synthesis
21 Infos, 7 Warnings, 0 Critical Warnings and 0 Errors encountered.
synth_design completed successfully
synth_design: Time (s): cpu = 00:00:19 ; elapsed = 00:00:17 . Memory (MB): peak = 2264.035 ; gain = 928.219 ; free physical = 1614 ; free virtual = 10621
INFO: [Common 17-2834] synth_design peak Physical Memory [PSS] (MB): overall = 1797.820; main = 1469.475; forked = 377.566
INFO: [Common 17-2834] synth_design peak Virtual Memory [VSS] (MB): overall = 3221.191; main = 2264.004; forked = 989.203
Write ShapeDB Complete: Time (s): cpu = 00:00:00 ; elapsed = 00:00:00.01 . Memory (MB): peak = 2288.012 ; gain = 0.000 ; free physical = 1614 ; free virtual = 10621
INFO: [Common 17-1381] The checkpoint '/home/satishkumar/PC/Bluespec_sv/Learning/AdderCircuits/CarryLookAhead32/CLA_32/CLA_32.runs/synth_1/mkCLA32.dcp' has been generated.
INFO: [runtcl-4] Executing : report_utilization -file mkCLA32_utilization_synth.rpt -pb mkCLA32_utilization_synth.pb
INFO: [Common 17-206] Exiting Vivado at Sun Jun  9 18:23:42 2024...
