
*** Running vivado
    with args -log mkCSK32.vdi -applog -m64 -product Vivado -messageDb vivado.pb -mode batch -source mkCSK32.tcl -notrace


****** Vivado v2023.2 (64-bit)
  **** SW Build 4029153 on Fri Oct 13 20:13:54 MDT 2023
  **** IP Build 4028589 on Sat Oct 14 00:45:43 MDT 2023
  **** SharedData Build 4025554 on Tue Oct 10 17:18:54 MDT 2023
    ** Copyright 1986-2022 Xilinx, Inc. All Rights Reserved.
    ** Copyright 2022-2023 Advanced Micro Devices, Inc. All Rights Reserved.

source mkCSK32.tcl -notrace
WARNING: [Common 17-1361] You have specified a new message control rule that is equivalent to an existing rule with attributes ' -id {17-179}  -suppress '. The existing rule will be replaced.
WARNING: [Common 17-1361] You have specified a new message control rule that is equivalent to an existing rule with attributes ' -id {17-179}  -suppress '. The existing rule will be replaced.
WARNING: [Common 17-1361] You have specified a new message control rule that is equivalent to an existing rule with attributes ' -id {17-179}  -suppress '. The existing rule will be replaced.
WARNING: [Common 17-1361] You have specified a new message control rule that is equivalent to an existing rule with attributes ' -id {17-179}  -suppress '. The existing rule will be replaced.
WARNING: [Common 17-1361] You have specified a new message control rule that is equivalent to an existing rule with attributes ' -id {17-179}  -suppress '. The existing rule will be replaced.
Command: link_design -top mkCSK32 -part xc7s50csga324-2
Design is defaulting to srcset: sources_1
Design is defaulting to constrset: constrs_1
INFO: [Device 21-403] Loading part xc7s50csga324-2
Netlist sorting complete. Time (s): cpu = 00:00:00 ; elapsed = 00:00:00 . Memory (MB): peak = 1622.848 ; gain = 0.000 ; free physical = 1117 ; free virtual = 10634
INFO: [Project 1-479] Netlist was created with Vivado 2023.2
INFO: [Project 1-570] Preparing netlist for logic optimization
Parsing XDC File [/home/satishkumar/PC/Bluespec_sv/Learning/AdderCircuits/CarrySkip32/CSK_32/CSK_32.srcs/constrs_1/new/constraints.xdc]
Finished Parsing XDC File [/home/satishkumar/PC/Bluespec_sv/Learning/AdderCircuits/CarrySkip32/CSK_32/CSK_32.srcs/constrs_1/new/constraints.xdc]
INFO: [Opt 31-138] Pushed 0 inverter(s) to 0 load pin(s).
Netlist sorting complete. Time (s): cpu = 00:00:00 ; elapsed = 00:00:00 . Memory (MB): peak = 1778.375 ; gain = 0.000 ; free physical = 1011 ; free virtual = 10529
INFO: [Project 1-111] Unisim Transformation Summary:
No Unisim elements were transformed.

5 Infos, 5 Warnings, 0 Critical Warnings and 0 Errors encountered.
link_design completed successfully
Command: opt_design
Attempting to get a license for feature 'Implementation' and/or device 'xc7s50'
INFO: [Common 17-349] Got license for feature 'Implementation' and/or device 'xc7s50'
Running DRC as a precondition to command opt_design

Starting DRC Task
INFO: [DRC 23-27] Running DRC with 8 threads
INFO: [Project 1-461] DRC finished with 0 Errors
INFO: [Project 1-462] Please refer to the DRC report (report_drc) for more information.

Time (s): cpu = 00:00:00.51 ; elapsed = 00:00:00.3 . Memory (MB): peak = 1868.156 ; gain = 83.809 ; free physical = 990 ; free virtual = 10508

Starting Cache Timing Information Task
INFO: [Timing 38-35] Done setting XDC timing constraints.
Ending Cache Timing Information Task | Checksum: 17c07f597

Time (s): cpu = 00:00:03 ; elapsed = 00:00:03 . Memory (MB): peak = 2274.914 ; gain = 406.758 ; free physical = 670 ; free virtual = 10186

Starting Logic Optimization Task

Phase 1 Initialization

Phase 1.1 Core Generation And Design Setup
Phase 1.1 Core Generation And Design Setup | Checksum: 17c07f597

Time (s): cpu = 00:00:00 ; elapsed = 00:00:00 . Memory (MB): peak = 2587.750 ; gain = 0.000 ; free physical = 368 ; free virtual = 9884

Phase 1.2 Setup Constraints And Sort Netlist
Phase 1.2 Setup Constraints And Sort Netlist | Checksum: 17c07f597

Time (s): cpu = 00:00:00 ; elapsed = 00:00:00.01 . Memory (MB): peak = 2587.750 ; gain = 0.000 ; free physical = 368 ; free virtual = 9884
Phase 1 Initialization | Checksum: 17c07f597

Time (s): cpu = 00:00:00 ; elapsed = 00:00:00.01 . Memory (MB): peak = 2587.750 ; gain = 0.000 ; free physical = 368 ; free virtual = 9884

Phase 2 Timer Update And Timing Data Collection

Phase 2.1 Timer Update
Phase 2.1 Timer Update | Checksum: 17c07f597

Time (s): cpu = 00:00:00.01 ; elapsed = 00:00:00.01 . Memory (MB): peak = 2587.750 ; gain = 0.000 ; free physical = 368 ; free virtual = 9884

Phase 2.2 Timing Data Collection
Phase 2.2 Timing Data Collection | Checksum: 17c07f597

Time (s): cpu = 00:00:00.01 ; elapsed = 00:00:00.01 . Memory (MB): peak = 2587.750 ; gain = 0.000 ; free physical = 368 ; free virtual = 9884
Phase 2 Timer Update And Timing Data Collection | Checksum: 17c07f597

Time (s): cpu = 00:00:00.01 ; elapsed = 00:00:00.01 . Memory (MB): peak = 2587.750 ; gain = 0.000 ; free physical = 368 ; free virtual = 9884

Phase 3 Retarget
INFO: [Opt 31-138] Pushed 0 inverter(s) to 0 load pin(s).
INFO: [Opt 31-49] Retargeted 0 cell(s).
Phase 3 Retarget | Checksum: 17c07f597

Time (s): cpu = 00:00:00.02 ; elapsed = 00:00:00.02 . Memory (MB): peak = 2587.750 ; gain = 0.000 ; free physical = 368 ; free virtual = 9884
Retarget | Checksum: 17c07f597
INFO: [Opt 31-389] Phase Retarget created 0 cells and removed 0 cells

Phase 4 Constant propagation
INFO: [Opt 31-138] Pushed 0 inverter(s) to 0 load pin(s).
Phase 4 Constant propagation | Checksum: 17c07f597

Time (s): cpu = 00:00:00.02 ; elapsed = 00:00:00.02 . Memory (MB): peak = 2587.750 ; gain = 0.000 ; free physical = 368 ; free virtual = 9884
Constant propagation | Checksum: 17c07f597
INFO: [Opt 31-389] Phase Constant propagation created 0 cells and removed 0 cells

Phase 5 Sweep
Phase 5 Sweep | Checksum: 1d4adda5d

Time (s): cpu = 00:00:00.02 ; elapsed = 00:00:00.02 . Memory (MB): peak = 2587.750 ; gain = 0.000 ; free physical = 368 ; free virtual = 9884
Sweep | Checksum: 1d4adda5d
INFO: [Opt 31-389] Phase Sweep created 1 cells and removed 0 cells

Phase 6 BUFG optimization
Phase 6 BUFG optimization | Checksum: 1d4adda5d

Time (s): cpu = 00:00:00.02 ; elapsed = 00:00:00.02 . Memory (MB): peak = 2619.766 ; gain = 32.016 ; free physical = 368 ; free virtual = 9884
BUFG optimization | Checksum: 1d4adda5d
INFO: [Opt 31-662] Phase BUFG optimization created 0 cells of which 0 are BUFGs and removed 0 cells.

Phase 7 Shift Register Optimization
INFO: [Opt 31-1064] SRL Remap converted 0 SRLs to 0 registers and converted 0 registers of register chains to 0 SRLs
Phase 7 Shift Register Optimization | Checksum: 1d4adda5d

Time (s): cpu = 00:00:00.02 ; elapsed = 00:00:00.02 . Memory (MB): peak = 2619.766 ; gain = 32.016 ; free physical = 368 ; free virtual = 9884
Shift Register Optimization | Checksum: 1d4adda5d
INFO: [Opt 31-389] Phase Shift Register Optimization created 0 cells and removed 0 cells

Phase 8 Post Processing Netlist
Phase 8 Post Processing Netlist | Checksum: 1d4adda5d

Time (s): cpu = 00:00:00.02 ; elapsed = 00:00:00.03 . Memory (MB): peak = 2619.766 ; gain = 32.016 ; free physical = 368 ; free virtual = 9884
Post Processing Netlist | Checksum: 1d4adda5d
INFO: [Opt 31-389] Phase Post Processing Netlist created 0 cells and removed 0 cells

Phase 9 Finalization

Phase 9.1 Finalizing Design Cores and Updating Shapes
Phase 9.1 Finalizing Design Cores and Updating Shapes | Checksum: 1d7c461da

Time (s): cpu = 00:00:00.02 ; elapsed = 00:00:00.03 . Memory (MB): peak = 2619.766 ; gain = 32.016 ; free physical = 368 ; free virtual = 9884

Phase 9.2 Verifying Netlist Connectivity

Starting Connectivity Check Task

Time (s): cpu = 00:00:00 ; elapsed = 00:00:00 . Memory (MB): peak = 2619.766 ; gain = 0.000 ; free physical = 368 ; free virtual = 9884
Phase 9.2 Verifying Netlist Connectivity | Checksum: 1d7c461da

Time (s): cpu = 00:00:00.02 ; elapsed = 00:00:00.03 . Memory (MB): peak = 2619.766 ; gain = 32.016 ; free physical = 368 ; free virtual = 9884
Phase 9 Finalization | Checksum: 1d7c461da

Time (s): cpu = 00:00:00.02 ; elapsed = 00:00:00.03 . Memory (MB): peak = 2619.766 ; gain = 32.016 ; free physical = 368 ; free virtual = 9884
Opt_design Change Summary
=========================


-------------------------------------------------------------------------------------------------------------------------
|  Phase                        |  #Cells created  |  #Cells Removed  |  #Constrained objects preventing optimizations  |
-------------------------------------------------------------------------------------------------------------------------
|  Retarget                     |               0  |               0  |                                              0  |
|  Constant propagation         |               0  |               0  |                                              0  |
|  Sweep                        |               1  |               0  |                                              0  |
|  BUFG optimization            |               0  |               0  |                                              0  |
|  Shift Register Optimization  |               0  |               0  |                                              0  |
|  Post Processing Netlist      |               0  |               0  |                                              0  |
-------------------------------------------------------------------------------------------------------------------------


Ending Logic Optimization Task | Checksum: 1d7c461da

Time (s): cpu = 00:00:00.02 ; elapsed = 00:00:00.03 . Memory (MB): peak = 2619.766 ; gain = 32.016 ; free physical = 368 ; free virtual = 9884
INFO: [Constraints 18-11670] Building netlist checker database with flags, 0x8
Done building netlist checker database: Time (s): cpu = 00:00:00 ; elapsed = 00:00:00 . Memory (MB): peak = 2619.766 ; gain = 0.000 ; free physical = 368 ; free virtual = 9884

Starting Power Optimization Task
INFO: [Pwropt 34-132] Skipping clock gating for clocks with a period < 2.00 ns.
Ending Power Optimization Task | Checksum: 1d7c461da

Time (s): cpu = 00:00:00 ; elapsed = 00:00:00 . Memory (MB): peak = 2619.766 ; gain = 0.000 ; free physical = 367 ; free virtual = 9884

Starting Final Cleanup Task
Ending Final Cleanup Task | Checksum: 1d7c461da

Time (s): cpu = 00:00:00 ; elapsed = 00:00:00 . Memory (MB): peak = 2619.766 ; gain = 0.000 ; free physical = 367 ; free virtual = 9884

Starting Netlist Obfuscation Task
Netlist sorting complete. Time (s): cpu = 00:00:00 ; elapsed = 00:00:00 . Memory (MB): peak = 2619.766 ; gain = 0.000 ; free physical = 367 ; free virtual = 9884
Ending Netlist Obfuscation Task | Checksum: 1d7c461da

Time (s): cpu = 00:00:00 ; elapsed = 00:00:00 . Memory (MB): peak = 2619.766 ; gain = 0.000 ; free physical = 367 ; free virtual = 9884
INFO: [Common 17-83] Releasing license: Implementation
23 Infos, 5 Warnings, 0 Critical Warnings and 0 Errors encountered.
opt_design completed successfully
INFO: [runtcl-4] Executing : report_drc -file mkCSK32_drc_opted.rpt -pb mkCSK32_drc_opted.pb -rpx mkCSK32_drc_opted.rpx
Command: report_drc -file mkCSK32_drc_opted.rpt -pb mkCSK32_drc_opted.pb -rpx mkCSK32_drc_opted.rpx
INFO: [IP_Flow 19-234] Refreshing IP repositories
INFO: [IP_Flow 19-1704] No user IP repositories specified
INFO: [IP_Flow 19-2313] Loaded Vivado IP repository '/tools/Xilinx/Vivado/2023.2/data/ip'.
INFO: [DRC 23-27] Running DRC with 8 threads
INFO: [Vivado_Tcl 2-168] The results of DRC are in file /home/satishkumar/PC/Bluespec_sv/Learning/AdderCircuits/CarrySkip32/CSK_32/CSK_32.runs/impl_1/mkCSK32_drc_opted.rpt.
report_drc completed successfully
INFO: [Timing 38-480] Writing timing data to binary archive.
Write ShapeDB Complete: Time (s): cpu = 00:00:00 ; elapsed = 00:00:00 . Memory (MB): peak = 2651.781 ; gain = 0.000 ; free physical = 362 ; free virtual = 9879
INFO: [Common 17-1381] The checkpoint '/home/satishkumar/PC/Bluespec_sv/Learning/AdderCircuits/CarrySkip32/CSK_32/CSK_32.runs/impl_1/mkCSK32_opt.dcp' has been generated.
Command: place_design
Attempting to get a license for feature 'Implementation' and/or device 'xc7s50'
INFO: [Common 17-349] Got license for feature 'Implementation' and/or device 'xc7s50'
INFO: [Common 17-83] Releasing license: Implementation
INFO: [DRC 23-27] Running DRC with 8 threads
INFO: [Vivado_Tcl 4-198] DRC finished with 0 Errors
INFO: [Vivado_Tcl 4-199] Please refer to the DRC report (report_drc) for more information.
Running DRC as a precondition to command place_design
INFO: [DRC 23-27] Running DRC with 8 threads
INFO: [Vivado_Tcl 4-198] DRC finished with 0 Errors
INFO: [Vivado_Tcl 4-199] Please refer to the DRC report (report_drc) for more information.
INFO: [Place 30-611] Multithreading enabled for place_design using a maximum of 8 CPUs

Starting Placer Task

Phase 1 Placer Initialization

Phase 1.1 Placer Initialization Netlist Sorting
Netlist sorting complete. Time (s): cpu = 00:00:00 ; elapsed = 00:00:00 . Memory (MB): peak = 2651.781 ; gain = 0.000 ; free physical = 350 ; free virtual = 9867
Phase 1.1 Placer Initialization Netlist Sorting | Checksum: fbacd58e

Time (s): cpu = 00:00:00 ; elapsed = 00:00:00 . Memory (MB): peak = 2651.781 ; gain = 0.000 ; free physical = 350 ; free virtual = 9867
Netlist sorting complete. Time (s): cpu = 00:00:00 ; elapsed = 00:00:00 . Memory (MB): peak = 2651.781 ; gain = 0.000 ; free physical = 350 ; free virtual = 9867

Phase 1.2 IO Placement/ Clock Placement/ Build Placer Device
INFO: [Timing 38-35] Done setting XDC timing constraints.
Phase 1.2 IO Placement/ Clock Placement/ Build Placer Device | Checksum: 8a9a7333

Time (s): cpu = 00:00:00.54 ; elapsed = 00:00:00.22 . Memory (MB): peak = 2651.781 ; gain = 0.000 ; free physical = 333 ; free virtual = 9850

Phase 1.3 Build Placer Netlist Model
Phase 1.3 Build Placer Netlist Model | Checksum: ecd26b6c

Time (s): cpu = 00:00:00.76 ; elapsed = 00:00:00.26 . Memory (MB): peak = 2651.781 ; gain = 0.000 ; free physical = 333 ; free virtual = 9849

Phase 1.4 Constrain Clocks/Macros
Phase 1.4 Constrain Clocks/Macros | Checksum: ecd26b6c

Time (s): cpu = 00:00:00.76 ; elapsed = 00:00:00.26 . Memory (MB): peak = 2651.781 ; gain = 0.000 ; free physical = 333 ; free virtual = 9849
Phase 1 Placer Initialization | Checksum: ecd26b6c

Time (s): cpu = 00:00:00.76 ; elapsed = 00:00:00.26 . Memory (MB): peak = 2651.781 ; gain = 0.000 ; free physical = 332 ; free virtual = 9849

Phase 2 Global Placement

Phase 2.1 Floorplanning
Phase 2.1 Floorplanning | Checksum: 11efbbe1b

Time (s): cpu = 00:00:00.86 ; elapsed = 00:00:00.28 . Memory (MB): peak = 2651.781 ; gain = 0.000 ; free physical = 330 ; free virtual = 9847

Phase 2.2 Update Timing before SLR Path Opt
Phase 2.2 Update Timing before SLR Path Opt | Checksum: d0267560

Time (s): cpu = 00:00:00.95 ; elapsed = 00:00:00.29 . Memory (MB): peak = 2651.781 ; gain = 0.000 ; free physical = 330 ; free virtual = 9847

Phase 2.3 Post-Processing in Floorplanning
Phase 2.3 Post-Processing in Floorplanning | Checksum: d0267560

Time (s): cpu = 00:00:00.95 ; elapsed = 00:00:00.29 . Memory (MB): peak = 2651.781 ; gain = 0.000 ; free physical = 330 ; free virtual = 9847

Phase 2.4 Global Placement Core

Phase 2.4.1 UpdateTiming Before Physical Synthesis
Phase 2.4.1 UpdateTiming Before Physical Synthesis | Checksum: 15933571f

Time (s): cpu = 00:00:02 ; elapsed = 00:00:00.41 . Memory (MB): peak = 2651.781 ; gain = 0.000 ; free physical = 328 ; free virtual = 9844

Phase 2.4.2 Physical Synthesis In Placer
INFO: [Physopt 32-1035] Found 0 LUTNM shape to break, 2 LUT instances to create LUTNM shape
INFO: [Physopt 32-1044] Break lutnm for timing: one critical 0, two critical 0, total 0, new lutff created 0
INFO: [Physopt 32-1138] End 1 Pass. Optimized 1 net or LUT. Breaked 0 LUT, combined 1 existing LUT and moved 0 existing LUT
INFO: [Physopt 32-65] No nets found for high-fanout optimization.
INFO: [Physopt 32-232] Optimized 0 net. Created 0 new instance.
INFO: [Physopt 32-775] End 1 Pass. Optimized 0 net or cell. Created 0 new cell, deleted 0 existing cell and moved 0 existing cell
INFO: [Physopt 32-670] No setup violation found.  DSP Register Optimization was not performed.
INFO: [Physopt 32-670] No setup violation found.  Shift Register to Pipeline Optimization was not performed.
INFO: [Physopt 32-670] No setup violation found.  Shift Register Optimization was not performed.
INFO: [Physopt 32-670] No setup violation found.  BRAM Register Optimization was not performed.
INFO: [Physopt 32-670] No setup violation found.  URAM Register Optimization was not performed.
INFO: [Physopt 32-949] No candidate nets found for dynamic/static region interface net replication
INFO: [Physopt 32-775] End 1 Pass. Optimized 0 net or cell. Created 0 new cell, deleted 0 existing cell and moved 0 existing cell
Netlist sorting complete. Time (s): cpu = 00:00:00 ; elapsed = 00:00:00 . Memory (MB): peak = 2651.781 ; gain = 0.000 ; free physical = 327 ; free virtual = 9844

Summary of Physical Synthesis Optimizations
============================================


-----------------------------------------------------------------------------------------------------------------------------------------------------------
|  Optimization                                     |  Added Cells  |  Removed Cells  |  Optimized Cells/Nets  |  Dont Touch  |  Iterations  |  Elapsed   |
-----------------------------------------------------------------------------------------------------------------------------------------------------------
|  LUT Combining                                    |            0  |              1  |                     1  |           0  |           1  |  00:00:00  |
|  Retime                                           |            0  |              0  |                     0  |           0  |           1  |  00:00:00  |
|  Very High Fanout                                 |            0  |              0  |                     0  |           0  |           1  |  00:00:00  |
|  DSP Register                                     |            0  |              0  |                     0  |           0  |           0  |  00:00:00  |
|  Shift Register to Pipeline                       |            0  |              0  |                     0  |           0  |           0  |  00:00:00  |
|  Shift Register                                   |            0  |              0  |                     0  |           0  |           0  |  00:00:00  |
|  BRAM Register                                    |            0  |              0  |                     0  |           0  |           0  |  00:00:00  |
|  URAM Register                                    |            0  |              0  |                     0  |           0  |           0  |  00:00:00  |
|  Dynamic/Static Region Interface Net Replication  |            0  |              0  |                     0  |           0  |           1  |  00:00:00  |
|  Total                                            |            0  |              1  |                     1  |           0  |           4  |  00:00:00  |
-----------------------------------------------------------------------------------------------------------------------------------------------------------


Phase 2.4.2 Physical Synthesis In Placer | Checksum: b4f9d621

Time (s): cpu = 00:00:02 ; elapsed = 00:00:00.6 . Memory (MB): peak = 2651.781 ; gain = 0.000 ; free physical = 327 ; free virtual = 9844
Phase 2.4 Global Placement Core | Checksum: de77f0ad

Time (s): cpu = 00:00:02 ; elapsed = 00:00:00.62 . Memory (MB): peak = 2651.781 ; gain = 0.000 ; free physical = 327 ; free virtual = 9844
Phase 2 Global Placement | Checksum: de77f0ad

Time (s): cpu = 00:00:02 ; elapsed = 00:00:00.62 . Memory (MB): peak = 2651.781 ; gain = 0.000 ; free physical = 327 ; free virtual = 9844

Phase 3 Detail Placement

Phase 3.1 Commit Multi Column Macros
Phase 3.1 Commit Multi Column Macros | Checksum: eea40289

Time (s): cpu = 00:00:02 ; elapsed = 00:00:00.64 . Memory (MB): peak = 2651.781 ; gain = 0.000 ; free physical = 327 ; free virtual = 9844

Phase 3.2 Commit Most Macros & LUTRAMs
Phase 3.2 Commit Most Macros & LUTRAMs | Checksum: 393edc21

Time (s): cpu = 00:00:02 ; elapsed = 00:00:00.66 . Memory (MB): peak = 2651.781 ; gain = 0.000 ; free physical = 327 ; free virtual = 9844

Phase 3.3 Area Swap Optimization
Phase 3.3 Area Swap Optimization | Checksum: 1258dace1

Time (s): cpu = 00:00:02 ; elapsed = 00:00:00.66 . Memory (MB): peak = 2651.781 ; gain = 0.000 ; free physical = 327 ; free virtual = 9844

Phase 3.4 Pipeline Register Optimization
Phase 3.4 Pipeline Register Optimization | Checksum: 8c5d3d41

Time (s): cpu = 00:00:02 ; elapsed = 00:00:00.66 . Memory (MB): peak = 2651.781 ; gain = 0.000 ; free physical = 327 ; free virtual = 9844

Phase 3.5 Small Shape Detail Placement
Phase 3.5 Small Shape Detail Placement | Checksum: e3247e02

Time (s): cpu = 00:00:03 ; elapsed = 00:00:00.73 . Memory (MB): peak = 2651.781 ; gain = 0.000 ; free physical = 330 ; free virtual = 9839

Phase 3.6 Re-assign LUT pins
Phase 3.6 Re-assign LUT pins | Checksum: a5ae1338

Time (s): cpu = 00:00:03 ; elapsed = 00:00:00.74 . Memory (MB): peak = 2651.781 ; gain = 0.000 ; free physical = 330 ; free virtual = 9839

Phase 3.7 Pipeline Register Optimization
Phase 3.7 Pipeline Register Optimization | Checksum: 10c5a83d8

Time (s): cpu = 00:00:03 ; elapsed = 00:00:00.74 . Memory (MB): peak = 2651.781 ; gain = 0.000 ; free physical = 330 ; free virtual = 9839
Phase 3 Detail Placement | Checksum: 10c5a83d8

Time (s): cpu = 00:00:03 ; elapsed = 00:00:00.74 . Memory (MB): peak = 2651.781 ; gain = 0.000 ; free physical = 330 ; free virtual = 9839

Phase 4 Post Placement Optimization and Clean-Up

Phase 4.1 Post Commit Optimization
INFO: [Timing 38-35] Done setting XDC timing constraints.

Phase 4.1.1 Post Placement Optimization
Post Placement Optimization Initialization | Checksum: 22624cce2

Phase 4.1.1.1 BUFG Insertion

Starting Physical Synthesis Task

Phase 1 Physical Synthesis Initialization
INFO: [Physopt 32-721] Multithreading enabled for phys_opt_design using a maximum of 8 CPUs
INFO: [Physopt 32-619] Estimated Timing Summary | WNS=2.858 | TNS=0.000 |
Phase 1 Physical Synthesis Initialization | Checksum: 22f336087

Time (s): cpu = 00:00:00.09 ; elapsed = 00:00:00.02 . Memory (MB): peak = 2651.781 ; gain = 0.000 ; free physical = 329 ; free virtual = 9838
INFO: [Place 46-56] BUFG insertion identified 0 candidate nets. Inserted BUFG: 0, Replicated BUFG Driver: 0, Skipped due to Placement/Routing Conflicts: 0, Skipped due to Timing Degradation: 0, Skipped due to netlist editing failed: 0.
Ending Physical Synthesis Task | Checksum: 22f336087

Time (s): cpu = 00:00:00.1 ; elapsed = 00:00:00.02 . Memory (MB): peak = 2651.781 ; gain = 0.000 ; free physical = 329 ; free virtual = 9838
Phase 4.1.1.1 BUFG Insertion | Checksum: 22624cce2

Time (s): cpu = 00:00:03 ; elapsed = 00:00:00.8 . Memory (MB): peak = 2651.781 ; gain = 0.000 ; free physical = 329 ; free virtual = 9838

Phase 4.1.1.2 Post Placement Timing Optimization
INFO: [Place 30-746] Post Placement Timing Summary WNS=2.858. For the most accurate timing information please run report_timing.
Phase 4.1.1.2 Post Placement Timing Optimization | Checksum: 25244d4f2

Time (s): cpu = 00:00:03 ; elapsed = 00:00:00.8 . Memory (MB): peak = 2651.781 ; gain = 0.000 ; free physical = 329 ; free virtual = 9838

Time (s): cpu = 00:00:03 ; elapsed = 00:00:00.8 . Memory (MB): peak = 2651.781 ; gain = 0.000 ; free physical = 329 ; free virtual = 9838
Phase 4.1 Post Commit Optimization | Checksum: 25244d4f2

Time (s): cpu = 00:00:03 ; elapsed = 00:00:00.8 . Memory (MB): peak = 2651.781 ; gain = 0.000 ; free physical = 329 ; free virtual = 9838

Phase 4.2 Post Placement Cleanup
Phase 4.2 Post Placement Cleanup | Checksum: 25244d4f2

Time (s): cpu = 00:00:03 ; elapsed = 00:00:00.8 . Memory (MB): peak = 2651.781 ; gain = 0.000 ; free physical = 329 ; free virtual = 9838

Phase 4.3 Placer Reporting

Phase 4.3.1 Print Estimated Congestion
INFO: [Place 30-612] Post-Placement Estimated Congestion 
 ____________________________________________________
|           | Global Congestion | Short Congestion  |
| Direction | Region Size       | Region Size       |
|___________|___________________|___________________|
|      North|                1x1|                1x1|
|___________|___________________|___________________|
|      South|                1x1|                1x1|
|___________|___________________|___________________|
|       East|                1x1|                1x1|
|___________|___________________|___________________|
|       West|                1x1|                1x1|
|___________|___________________|___________________|

Phase 4.3.1 Print Estimated Congestion | Checksum: 25244d4f2

Time (s): cpu = 00:00:03 ; elapsed = 00:00:00.8 . Memory (MB): peak = 2651.781 ; gain = 0.000 ; free physical = 329 ; free virtual = 9838
Phase 4.3 Placer Reporting | Checksum: 25244d4f2

Time (s): cpu = 00:00:03 ; elapsed = 00:00:00.8 . Memory (MB): peak = 2651.781 ; gain = 0.000 ; free physical = 329 ; free virtual = 9838

Phase 4.4 Final Placement Cleanup
Netlist sorting complete. Time (s): cpu = 00:00:00 ; elapsed = 00:00:00 . Memory (MB): peak = 2651.781 ; gain = 0.000 ; free physical = 329 ; free virtual = 9838

Time (s): cpu = 00:00:03 ; elapsed = 00:00:00.81 . Memory (MB): peak = 2651.781 ; gain = 0.000 ; free physical = 329 ; free virtual = 9838
Phase 4 Post Placement Optimization and Clean-Up | Checksum: 20fa2af49

Time (s): cpu = 00:00:03 ; elapsed = 00:00:00.81 . Memory (MB): peak = 2651.781 ; gain = 0.000 ; free physical = 329 ; free virtual = 9838
Ending Placer Task | Checksum: 11079ae92

Time (s): cpu = 00:00:03 ; elapsed = 00:00:00.81 . Memory (MB): peak = 2651.781 ; gain = 0.000 ; free physical = 329 ; free virtual = 9838
60 Infos, 5 Warnings, 0 Critical Warnings and 0 Errors encountered.
place_design completed successfully
INFO: [runtcl-4] Executing : report_io -file mkCSK32_io_placed.rpt
report_io: Time (s): cpu = 00:00:00.1 ; elapsed = 00:00:00.1 . Memory (MB): peak = 2651.781 ; gain = 0.000 ; free physical = 325 ; free virtual = 9834
INFO: [runtcl-4] Executing : report_utilization -file mkCSK32_utilization_placed.rpt -pb mkCSK32_utilization_placed.pb
INFO: [runtcl-4] Executing : report_control_sets -verbose -file mkCSK32_control_sets_placed.rpt
report_control_sets: Time (s): cpu = 00:00:00.03 ; elapsed = 00:00:00.05 . Memory (MB): peak = 2651.781 ; gain = 0.000 ; free physical = 336 ; free virtual = 9844
INFO: [Timing 38-480] Writing timing data to binary archive.
Write ShapeDB Complete: Time (s): cpu = 00:00:00 ; elapsed = 00:00:00 . Memory (MB): peak = 2651.781 ; gain = 0.000 ; free physical = 336 ; free virtual = 9845
Wrote PlaceDB: Time (s): cpu = 00:00:00.02 ; elapsed = 00:00:00 . Memory (MB): peak = 2651.781 ; gain = 0.000 ; free physical = 335 ; free virtual = 9844
Wrote PulsedLatchDB: Time (s): cpu = 00:00:00 ; elapsed = 00:00:00 . Memory (MB): peak = 2651.781 ; gain = 0.000 ; free physical = 335 ; free virtual = 9844
Writing XDEF routing.
Writing XDEF routing logical nets.
Writing XDEF routing special nets.
Wrote RouteStorage: Time (s): cpu = 00:00:00.01 ; elapsed = 00:00:00.01 . Memory (MB): peak = 2651.781 ; gain = 0.000 ; free physical = 335 ; free virtual = 9844
Wrote Netlist Cache: Time (s): cpu = 00:00:00 ; elapsed = 00:00:00 . Memory (MB): peak = 2651.781 ; gain = 0.000 ; free physical = 335 ; free virtual = 9844
Wrote Device Cache: Time (s): cpu = 00:00:00.01 ; elapsed = 00:00:00 . Memory (MB): peak = 2651.781 ; gain = 0.000 ; free physical = 335 ; free virtual = 9844
Write Physdb Complete: Time (s): cpu = 00:00:00.04 ; elapsed = 00:00:00.01 . Memory (MB): peak = 2651.781 ; gain = 0.000 ; free physical = 335 ; free virtual = 9844
INFO: [Common 17-1381] The checkpoint '/home/satishkumar/PC/Bluespec_sv/Learning/AdderCircuits/CarrySkip32/CSK_32/CSK_32.runs/impl_1/mkCSK32_placed.dcp' has been generated.
Command: phys_opt_design
Attempting to get a license for feature 'Implementation' and/or device 'xc7s50'
INFO: [Common 17-349] Got license for feature 'Implementation' and/or device 'xc7s50'

Starting Initial Update Timing Task

Time (s): cpu = 00:00:00.02 ; elapsed = 00:00:00.02 . Memory (MB): peak = 2652.785 ; gain = 0.000 ; free physical = 313 ; free virtual = 9822
INFO: [Vivado_Tcl 4-383] Design worst setup slack (WNS) is greater than or equal to 0.000 ns. Skipping all physical synthesis optimizations.
INFO: [Vivado_Tcl 4-232] No setup violation found. The netlist was not modified.
INFO: [Common 17-83] Releasing license: Implementation
69 Infos, 5 Warnings, 0 Critical Warnings and 0 Errors encountered.
phys_opt_design completed successfully
INFO: [Timing 38-480] Writing timing data to binary archive.
Write ShapeDB Complete: Time (s): cpu = 00:00:00 ; elapsed = 00:00:00 . Memory (MB): peak = 2697.676 ; gain = 6.938 ; free physical = 313 ; free virtual = 9822
Wrote PlaceDB: Time (s): cpu = 00:00:00.02 ; elapsed = 00:00:00 . Memory (MB): peak = 2697.676 ; gain = 6.938 ; free physical = 313 ; free virtual = 9822
Wrote PulsedLatchDB: Time (s): cpu = 00:00:00 ; elapsed = 00:00:00 . Memory (MB): peak = 2697.676 ; gain = 0.000 ; free physical = 313 ; free virtual = 9822
Writing XDEF routing.
Writing XDEF routing logical nets.
Writing XDEF routing special nets.
Wrote RouteStorage: Time (s): cpu = 00:00:00.01 ; elapsed = 00:00:00.01 . Memory (MB): peak = 2697.676 ; gain = 0.000 ; free physical = 311 ; free virtual = 9821
Wrote Netlist Cache: Time (s): cpu = 00:00:00 ; elapsed = 00:00:00 . Memory (MB): peak = 2697.676 ; gain = 0.000 ; free physical = 311 ; free virtual = 9821
Wrote Device Cache: Time (s): cpu = 00:00:00.01 ; elapsed = 00:00:00 . Memory (MB): peak = 2697.676 ; gain = 0.000 ; free physical = 311 ; free virtual = 9821
Write Physdb Complete: Time (s): cpu = 00:00:00.04 ; elapsed = 00:00:00.01 . Memory (MB): peak = 2697.676 ; gain = 6.938 ; free physical = 311 ; free virtual = 9821
INFO: [Common 17-1381] The checkpoint '/home/satishkumar/PC/Bluespec_sv/Learning/AdderCircuits/CarrySkip32/CSK_32/CSK_32.runs/impl_1/mkCSK32_physopt.dcp' has been generated.
Command: route_design
Attempting to get a license for feature 'Implementation' and/or device 'xc7s50'
INFO: [Common 17-349] Got license for feature 'Implementation' and/or device 'xc7s50'
Running DRC as a precondition to command route_design
INFO: [DRC 23-27] Running DRC with 8 threads
INFO: [Vivado_Tcl 4-198] DRC finished with 0 Errors
INFO: [Vivado_Tcl 4-199] Please refer to the DRC report (report_drc) for more information.


Starting Routing Task
INFO: [Route 35-254] Multithreading enabled for route_design using a maximum of 8 CPUs

Phase 1 Build RT Design
Checksum: PlaceDB: 7d96fb4e ConstDB: 0 ShapeSum: 92e2b344 RouteDB: 0
Post Restoration Checksum: NetGraph: 53399f71 | NumContArr: b7d0c6e1 | Constraints: c2a8fa9d | Timing: c2a8fa9d
Phase 1 Build RT Design | Checksum: 2905c5b8c

Time (s): cpu = 00:00:09 ; elapsed = 00:00:08 . Memory (MB): peak = 2814.066 ; gain = 50.656 ; free physical = 186 ; free virtual = 9705

Phase 2 Router Initialization

Phase 2.1 Fix Topology Constraints
Phase 2.1 Fix Topology Constraints | Checksum: 2905c5b8c

Time (s): cpu = 00:00:09 ; elapsed = 00:00:08 . Memory (MB): peak = 2814.066 ; gain = 50.656 ; free physical = 186 ; free virtual = 9705

Phase 2.2 Pre Route Cleanup
Phase 2.2 Pre Route Cleanup | Checksum: 2905c5b8c

Time (s): cpu = 00:00:09 ; elapsed = 00:00:08 . Memory (MB): peak = 2814.066 ; gain = 50.656 ; free physical = 186 ; free virtual = 9705
 Number of Nodes with overlaps = 0

Phase 2.3 Update Timing
Phase 2.3 Update Timing | Checksum: 1f0798fa3

Time (s): cpu = 00:00:10 ; elapsed = 00:00:08 . Memory (MB): peak = 2831.066 ; gain = 67.656 ; free physical = 269 ; free virtual = 9686
INFO: [Route 35-416] Intermediate Timing Summary | WNS=2.903  | TNS=0.000  | WHS=-0.094 | THS=-0.904 |


Router Utilization Summary
  Global Vertical Routing Utilization    = 0 %
  Global Horizontal Routing Utilization  = 0 %
  Routable Net Status*
  *Does not include unroutable nets such as driverless and loadless.
  Run report_route_status for detailed report.
  Number of Failed Nets               = 227
    (Failed Nets is the sum of unrouted and partially routed nets)
  Number of Unrouted Nets             = 227
  Number of Partially Routed Nets     = 0
  Number of Node Overlaps             = 0

Phase 2 Router Initialization | Checksum: 26b220834

Time (s): cpu = 00:00:10 ; elapsed = 00:00:08 . Memory (MB): peak = 2833.066 ; gain = 69.656 ; free physical = 267 ; free virtual = 9683

Phase 3 Initial Routing

Phase 3.1 Global Routing
Phase 3.1 Global Routing | Checksum: 26b220834

Time (s): cpu = 00:00:10 ; elapsed = 00:00:08 . Memory (MB): peak = 2833.066 ; gain = 69.656 ; free physical = 267 ; free virtual = 9683

Phase 3.2 Initial Net Routing
Phase 3.2 Initial Net Routing | Checksum: 30946711b

Time (s): cpu = 00:00:10 ; elapsed = 00:00:08 . Memory (MB): peak = 2833.066 ; gain = 69.656 ; free physical = 267 ; free virtual = 9683
Phase 3 Initial Routing | Checksum: 30946711b

Time (s): cpu = 00:00:10 ; elapsed = 00:00:08 . Memory (MB): peak = 2833.066 ; gain = 69.656 ; free physical = 267 ; free virtual = 9683

Phase 4 Rip-up And Reroute

Phase 4.1 Global Iteration 0
 Number of Nodes with overlaps = 14
 Number of Nodes with overlaps = 1
 Number of Nodes with overlaps = 0
INFO: [Route 35-416] Intermediate Timing Summary | WNS=2.823  | TNS=0.000  | WHS=N/A    | THS=N/A    |

Phase 4.1 Global Iteration 0 | Checksum: 2ac1c6492

Time (s): cpu = 00:00:10 ; elapsed = 00:00:08 . Memory (MB): peak = 2833.066 ; gain = 69.656 ; free physical = 266 ; free virtual = 9682
Phase 4 Rip-up And Reroute | Checksum: 2ac1c6492

Time (s): cpu = 00:00:10 ; elapsed = 00:00:08 . Memory (MB): peak = 2833.066 ; gain = 69.656 ; free physical = 266 ; free virtual = 9682

Phase 5 Delay and Skew Optimization

Phase 5.1 Delay CleanUp
Phase 5.1 Delay CleanUp | Checksum: 2ac1c6492

Time (s): cpu = 00:00:10 ; elapsed = 00:00:08 . Memory (MB): peak = 2833.066 ; gain = 69.656 ; free physical = 266 ; free virtual = 9682

Phase 5.2 Clock Skew Optimization
Phase 5.2 Clock Skew Optimization | Checksum: 2ac1c6492

Time (s): cpu = 00:00:10 ; elapsed = 00:00:08 . Memory (MB): peak = 2833.066 ; gain = 69.656 ; free physical = 266 ; free virtual = 9682
Phase 5 Delay and Skew Optimization | Checksum: 2ac1c6492

Time (s): cpu = 00:00:10 ; elapsed = 00:00:08 . Memory (MB): peak = 2833.066 ; gain = 69.656 ; free physical = 266 ; free virtual = 9682

Phase 6 Post Hold Fix

Phase 6.1 Hold Fix Iter

Phase 6.1.1 Update Timing
Phase 6.1.1 Update Timing | Checksum: 2f4b57c10

Time (s): cpu = 00:00:10 ; elapsed = 00:00:08 . Memory (MB): peak = 2833.066 ; gain = 69.656 ; free physical = 266 ; free virtual = 9682
INFO: [Route 35-416] Intermediate Timing Summary | WNS=2.905  | TNS=0.000  | WHS=0.238  | THS=0.000  |

Phase 6.1 Hold Fix Iter | Checksum: 2f4b57c10

Time (s): cpu = 00:00:10 ; elapsed = 00:00:08 . Memory (MB): peak = 2833.066 ; gain = 69.656 ; free physical = 266 ; free virtual = 9682
Phase 6 Post Hold Fix | Checksum: 2f4b57c10

Time (s): cpu = 00:00:10 ; elapsed = 00:00:08 . Memory (MB): peak = 2833.066 ; gain = 69.656 ; free physical = 266 ; free virtual = 9682

Phase 7 Route finalize

Router Utilization Summary
  Global Vertical Routing Utilization    = 0.187674 %
  Global Horizontal Routing Utilization  = 0.334461 %
  Routable Net Status*
  *Does not include unroutable nets such as driverless and loadless.
  Run report_route_status for detailed report.
  Number of Failed Nets               = 0
    (Failed Nets is the sum of unrouted and partially routed nets)
  Number of Unrouted Nets             = 0
  Number of Partially Routed Nets     = 0
  Number of Node Overlaps             = 0

Phase 7 Route finalize | Checksum: 2f4b57c10

Time (s): cpu = 00:00:10 ; elapsed = 00:00:08 . Memory (MB): peak = 2833.066 ; gain = 69.656 ; free physical = 266 ; free virtual = 9682

Phase 8 Verifying routed nets

 Verification completed successfully
Phase 8 Verifying routed nets | Checksum: 2f4b57c10

Time (s): cpu = 00:00:10 ; elapsed = 00:00:08 . Memory (MB): peak = 2833.066 ; gain = 69.656 ; free physical = 266 ; free virtual = 9682

Phase 9 Depositing Routes
Phase 9 Depositing Routes | Checksum: 22d6ad784

Time (s): cpu = 00:00:10 ; elapsed = 00:00:09 . Memory (MB): peak = 2833.066 ; gain = 69.656 ; free physical = 266 ; free virtual = 9682

Phase 10 Post Router Timing
INFO: [Route 35-57] Estimated Timing Summary | WNS=2.905  | TNS=0.000  | WHS=0.238  | THS=0.000  |

INFO: [Route 35-327] The final timing numbers are based on the router estimated timing analysis. For a complete and accurate timing signoff, please run report_timing_summary.
Phase 10 Post Router Timing | Checksum: 22d6ad784

Time (s): cpu = 00:00:10 ; elapsed = 00:00:09 . Memory (MB): peak = 2833.066 ; gain = 69.656 ; free physical = 266 ; free virtual = 9682
INFO: [Route 35-16] Router Completed Successfully

Phase 11 Post-Route Event Processing
Phase 11 Post-Route Event Processing | Checksum: 195c3a2c7

Time (s): cpu = 00:00:10 ; elapsed = 00:00:09 . Memory (MB): peak = 2833.066 ; gain = 69.656 ; free physical = 265 ; free virtual = 9681
Ending Routing Task | Checksum: 195c3a2c7

Time (s): cpu = 00:00:10 ; elapsed = 00:00:09 . Memory (MB): peak = 2833.066 ; gain = 69.656 ; free physical = 265 ; free virtual = 9681

Routing Is Done.
INFO: [Common 17-83] Releasing license: Implementation
83 Infos, 5 Warnings, 0 Critical Warnings and 0 Errors encountered.
route_design completed successfully
route_design: Time (s): cpu = 00:00:11 ; elapsed = 00:00:09 . Memory (MB): peak = 2833.066 ; gain = 135.391 ; free physical = 265 ; free virtual = 9681
INFO: [runtcl-4] Executing : report_drc -file mkCSK32_drc_routed.rpt -pb mkCSK32_drc_routed.pb -rpx mkCSK32_drc_routed.rpx
Command: report_drc -file mkCSK32_drc_routed.rpt -pb mkCSK32_drc_routed.pb -rpx mkCSK32_drc_routed.rpx
INFO: [IP_Flow 19-1839] IP Catalog is up to date.
INFO: [DRC 23-27] Running DRC with 8 threads
INFO: [Vivado_Tcl 2-168] The results of DRC are in file /home/satishkumar/PC/Bluespec_sv/Learning/AdderCircuits/CarrySkip32/CSK_32/CSK_32.runs/impl_1/mkCSK32_drc_routed.rpt.
report_drc completed successfully
INFO: [runtcl-4] Executing : report_methodology -file mkCSK32_methodology_drc_routed.rpt -pb mkCSK32_methodology_drc_routed.pb -rpx mkCSK32_methodology_drc_routed.rpx
Command: report_methodology -file mkCSK32_methodology_drc_routed.rpt -pb mkCSK32_methodology_drc_routed.pb -rpx mkCSK32_methodology_drc_routed.rpx
INFO: [Timing 38-35] Done setting XDC timing constraints.
INFO: [DRC 23-133] Running Methodology with 8 threads
INFO: [Vivado_Tcl 2-1520] The results of Report Methodology are in file /home/satishkumar/PC/Bluespec_sv/Learning/AdderCircuits/CarrySkip32/CSK_32/CSK_32.runs/impl_1/mkCSK32_methodology_drc_routed.rpt.
report_methodology completed successfully
INFO: [runtcl-4] Executing : report_power -file mkCSK32_power_routed.rpt -pb mkCSK32_power_summary_routed.pb -rpx mkCSK32_power_routed.rpx
Command: report_power -file mkCSK32_power_routed.rpt -pb mkCSK32_power_summary_routed.pb -rpx mkCSK32_power_routed.rpx
INFO: [Timing 38-35] Done setting XDC timing constraints.
Running Vector-less Activity Propagation...

Finished Running Vector-less Activity Propagation
93 Infos, 5 Warnings, 0 Critical Warnings and 0 Errors encountered.
report_power completed successfully
INFO: [runtcl-4] Executing : report_route_status -file mkCSK32_route_status.rpt -pb mkCSK32_route_status.pb
INFO: [runtcl-4] Executing : report_timing_summary -max_paths 10 -report_unconstrained -file mkCSK32_timing_summary_routed.rpt -pb mkCSK32_timing_summary_routed.pb -rpx mkCSK32_timing_summary_routed.rpx -warn_on_violation 
INFO: [Timing 38-91] UpdateTimingParams: Speed grade: -2, Delay Type: min_max.
INFO: [Timing 38-191] Multithreading enabled for timing update using a maximum of 8 CPUs
INFO: [runtcl-4] Executing : report_incremental_reuse -file mkCSK32_incremental_reuse_routed.rpt
INFO: [Vivado_Tcl 4-1062] Incremental flow is disabled. No incremental reuse Info to report.
INFO: [runtcl-4] Executing : report_clock_utilization -file mkCSK32_clock_utilization_routed.rpt
INFO: [runtcl-4] Executing : report_bus_skew -warn_on_violation -file mkCSK32_bus_skew_routed.rpt -pb mkCSK32_bus_skew_routed.pb -rpx mkCSK32_bus_skew_routed.rpx
INFO: [Timing 38-91] UpdateTimingParams: Speed grade: -2, Delay Type: min_max.
INFO: [Timing 38-191] Multithreading enabled for timing update using a maximum of 8 CPUs
INFO: [Timing 38-480] Writing timing data to binary archive.
Write ShapeDB Complete: Time (s): cpu = 00:00:00 ; elapsed = 00:00:00 . Memory (MB): peak = 2941.922 ; gain = 0.000 ; free physical = 195 ; free virtual = 9612
Wrote PlaceDB: Time (s): cpu = 00:00:00.02 ; elapsed = 00:00:00 . Memory (MB): peak = 2941.922 ; gain = 0.000 ; free physical = 194 ; free virtual = 9611
Wrote PulsedLatchDB: Time (s): cpu = 00:00:00 ; elapsed = 00:00:00 . Memory (MB): peak = 2941.922 ; gain = 0.000 ; free physical = 194 ; free virtual = 9611
Writing XDEF routing.
Writing XDEF routing logical nets.
Writing XDEF routing special nets.
Wrote RouteStorage: Time (s): cpu = 00:00:00.01 ; elapsed = 00:00:00.01 . Memory (MB): peak = 2941.922 ; gain = 0.000 ; free physical = 194 ; free virtual = 9611
Wrote Netlist Cache: Time (s): cpu = 00:00:00 ; elapsed = 00:00:00 . Memory (MB): peak = 2941.922 ; gain = 0.000 ; free physical = 194 ; free virtual = 9611
Wrote Device Cache: Time (s): cpu = 00:00:00.01 ; elapsed = 00:00:00.01 . Memory (MB): peak = 2941.922 ; gain = 0.000 ; free physical = 194 ; free virtual = 9611
Write Physdb Complete: Time (s): cpu = 00:00:00.04 ; elapsed = 00:00:00.02 . Memory (MB): peak = 2941.922 ; gain = 0.000 ; free physical = 193 ; free virtual = 9611
INFO: [Common 17-1381] The checkpoint '/home/satishkumar/PC/Bluespec_sv/Learning/AdderCircuits/CarrySkip32/CSK_32/CSK_32.runs/impl_1/mkCSK32_routed.dcp' has been generated.
INFO: [Common 17-206] Exiting Vivado at Sun Jun  9 19:07:34 2024...
