
*** Running vivado
    with args -log mkCSE32.vds -m64 -product Vivado -mode batch -messageDb vivado.pb -notrace -source mkCSE32.tcl


****** Vivado v2023.2 (64-bit)
  **** SW Build 4029153 on Fri Oct 13 20:13:54 MDT 2023
  **** IP Build 4028589 on Sat Oct 14 00:45:43 MDT 2023
  **** SharedData Build 4025554 on Tue Oct 10 17:18:54 MDT 2023
    ** Copyright 1986-2022 Xilinx, Inc. All Rights Reserved.
    ** Copyright 2022-2023 Advanced Micro Devices, Inc. All Rights Reserved.

source mkCSE32.tcl -notrace
create_project: Time (s): cpu = 00:00:11 ; elapsed = 00:00:11 . Memory (MB): peak = 1336.008 ; gain = 0.023 ; free physical = 2825 ; free virtual = 11959
Command: synth_design -top mkCSE32 -part xc7s50csga324-2
Starting synth_design
Attempting to get a license for feature 'Synthesis' and/or device 'xc7s50'
INFO: [Common 17-349] Got license for feature 'Synthesis' and/or device 'xc7s50'
INFO: [Synth 8-7079] Multithreading enabled for synth_design using a maximum of 4 processes.
INFO: [Synth 8-7078] Launching helper process for spawning children vivado processes
INFO: [Synth 8-7075] Helper process launched with PID 48177
---------------------------------------------------------------------------------
Starting Synthesize : Time (s): cpu = 00:00:07 ; elapsed = 00:00:07 . Memory (MB): peak = 1711.785 ; gain = 375.777 ; free physical = 2210 ; free virtual = 11334
---------------------------------------------------------------------------------
INFO: [Synth 8-6157] synthesizing module 'mkCSE32' [/home/satishkumar/PC/Bluespec_sv/Learning/AdderCircuits/CarrySelectAdder32/Vivado_synth/CSE_32/CSE_32.srcs/sources_1/new/design.v:62]
INFO: [Synth 8-6155] done synthesizing module 'mkCSE32' (0#1) [/home/satishkumar/PC/Bluespec_sv/Learning/AdderCircuits/CarrySelectAdder32/Vivado_synth/CSE_32/CSE_32.srcs/sources_1/new/design.v:62]
WARNING: [Synth 8-3917] design mkCSE32 has port RDY_start driven by constant 1
WARNING: [Synth 8-3917] design mkCSE32 has port RDY_return_sum driven by constant 1
WARNING: [Synth 8-3917] design mkCSE32 has port RDY_return_carry driven by constant 1
---------------------------------------------------------------------------------
Finished Synthesize : Time (s): cpu = 00:00:09 ; elapsed = 00:00:09 . Memory (MB): peak = 1787.754 ; gain = 451.746 ; free physical = 2113 ; free virtual = 11238
---------------------------------------------------------------------------------
---------------------------------------------------------------------------------
Finished Constraint Validation : Time (s): cpu = 00:00:10 ; elapsed = 00:00:11 . Memory (MB): peak = 1805.566 ; gain = 469.559 ; free physical = 2113 ; free virtual = 11237
---------------------------------------------------------------------------------
---------------------------------------------------------------------------------
Start Loading Part and Timing Information
---------------------------------------------------------------------------------
Loading part: xc7s50csga324-2
INFO: [Device 21-403] Loading part xc7s50csga324-2
---------------------------------------------------------------------------------
Finished Loading Part and Timing Information : Time (s): cpu = 00:00:10 ; elapsed = 00:00:11 . Memory (MB): peak = 1813.570 ; gain = 477.562 ; free physical = 2113 ; free virtual = 11237
---------------------------------------------------------------------------------
---------------------------------------------------------------------------------
Finished RTL Optimization Phase 2 : Time (s): cpu = 00:00:11 ; elapsed = 00:00:11 . Memory (MB): peak = 1822.477 ; gain = 486.469 ; free physical = 2102 ; free virtual = 11228
---------------------------------------------------------------------------------
No constraint files found.
---------------------------------------------------------------------------------
Start RTL Component Statistics 
---------------------------------------------------------------------------------
Detailed RTL Component Info : 
+---XORs : 
	   2 Input      8 Bit         XORs := 12    
	   2 Input      1 Bit         XORs := 2     
+---Registers : 
	               33 Bit    Registers := 1     
	               32 Bit    Registers := 2     
	                1 Bit    Registers := 2     
+---Muxes : 
	   2 Input    8 Bit        Muxes := 4     
	   2 Input    1 Bit        Muxes := 4     
---------------------------------------------------------------------------------
Finished RTL Component Statistics 
---------------------------------------------------------------------------------
---------------------------------------------------------------------------------
Start Part Resource Summary
---------------------------------------------------------------------------------
Part Resources:
DSPs: 120 (col length:60)
BRAMs: 150 (col length: RAMB18 60 RAMB36 30)
---------------------------------------------------------------------------------
Finished Part Resource Summary
---------------------------------------------------------------------------------
No constraint files found.
---------------------------------------------------------------------------------
Start Cross Boundary and Area Optimization
---------------------------------------------------------------------------------
WARNING: [Synth 8-7080] Parallel synthesis criteria is not met
WARNING: [Synth 8-3917] design mkCSE32 has port RDY_start driven by constant 1
WARNING: [Synth 8-3917] design mkCSE32 has port RDY_return_sum driven by constant 1
WARNING: [Synth 8-3917] design mkCSE32 has port RDY_return_carry driven by constant 1
---------------------------------------------------------------------------------
Finished Cross Boundary and Area Optimization : Time (s): cpu = 00:00:18 ; elapsed = 00:00:18 . Memory (MB): peak = 1954.898 ; gain = 618.891 ; free physical = 1951 ; free virtual = 11082
---------------------------------------------------------------------------------
No constraint files found.
---------------------------------------------------------------------------------
Start Timing Optimization
---------------------------------------------------------------------------------
---------------------------------------------------------------------------------
Finished Timing Optimization : Time (s): cpu = 00:00:18 ; elapsed = 00:00:18 . Memory (MB): peak = 1954.898 ; gain = 618.891 ; free physical = 1951 ; free virtual = 11082
---------------------------------------------------------------------------------
---------------------------------------------------------------------------------
Start Technology Mapping
---------------------------------------------------------------------------------
---------------------------------------------------------------------------------
Finished Technology Mapping : Time (s): cpu = 00:00:18 ; elapsed = 00:00:19 . Memory (MB): peak = 1954.898 ; gain = 618.891 ; free physical = 1951 ; free virtual = 11082
---------------------------------------------------------------------------------
---------------------------------------------------------------------------------
Start IO Insertion
---------------------------------------------------------------------------------
---------------------------------------------------------------------------------
Start Flattening Before IO Insertion
---------------------------------------------------------------------------------
---------------------------------------------------------------------------------
Finished Flattening Before IO Insertion
---------------------------------------------------------------------------------
---------------------------------------------------------------------------------
Start Final Netlist Cleanup
---------------------------------------------------------------------------------
---------------------------------------------------------------------------------
Finished Final Netlist Cleanup
---------------------------------------------------------------------------------
---------------------------------------------------------------------------------
Finished IO Insertion : Time (s): cpu = 00:00:26 ; elapsed = 00:00:26 . Memory (MB): peak = 1954.898 ; gain = 618.891 ; free physical = 1950 ; free virtual = 11081
---------------------------------------------------------------------------------
---------------------------------------------------------------------------------
Start Renaming Generated Instances
---------------------------------------------------------------------------------
---------------------------------------------------------------------------------
Finished Renaming Generated Instances : Time (s): cpu = 00:00:26 ; elapsed = 00:00:26 . Memory (MB): peak = 1954.898 ; gain = 618.891 ; free physical = 1950 ; free virtual = 11081
---------------------------------------------------------------------------------
---------------------------------------------------------------------------------
Start Rebuilding User Hierarchy
---------------------------------------------------------------------------------
---------------------------------------------------------------------------------
Finished Rebuilding User Hierarchy : Time (s): cpu = 00:00:26 ; elapsed = 00:00:26 . Memory (MB): peak = 1954.898 ; gain = 618.891 ; free physical = 1950 ; free virtual = 11081
---------------------------------------------------------------------------------
---------------------------------------------------------------------------------
Start Renaming Generated Ports
---------------------------------------------------------------------------------
---------------------------------------------------------------------------------
Finished Renaming Generated Ports : Time (s): cpu = 00:00:26 ; elapsed = 00:00:26 . Memory (MB): peak = 1954.898 ; gain = 618.891 ; free physical = 1950 ; free virtual = 11081
---------------------------------------------------------------------------------
---------------------------------------------------------------------------------
Start Handling Custom Attributes
---------------------------------------------------------------------------------
---------------------------------------------------------------------------------
Finished Handling Custom Attributes : Time (s): cpu = 00:00:26 ; elapsed = 00:00:26 . Memory (MB): peak = 1954.898 ; gain = 618.891 ; free physical = 1950 ; free virtual = 11081
---------------------------------------------------------------------------------
---------------------------------------------------------------------------------
Start Renaming Generated Nets
---------------------------------------------------------------------------------
---------------------------------------------------------------------------------
Finished Renaming Generated Nets : Time (s): cpu = 00:00:26 ; elapsed = 00:00:26 . Memory (MB): peak = 1954.898 ; gain = 618.891 ; free physical = 1950 ; free virtual = 11081
---------------------------------------------------------------------------------
---------------------------------------------------------------------------------
Start Writing Synthesis Report
---------------------------------------------------------------------------------

Report BlackBoxes: 
+-+--------------+----------+
| |BlackBox name |Instances |
+-+--------------+----------+
+-+--------------+----------+

Report Cell Usage: 
+------+-----+------+
|      |Cell |Count |
+------+-----+------+
|1     |BUFG |     1|
|2     |LUT1 |     2|
|3     |LUT2 |    11|
|4     |LUT3 |    16|
|5     |LUT5 |    38|
|6     |LUT6 |    18|
|7     |FDRE |    99|
|8     |IBUF |    68|
|9     |OBUF |    38|
+------+-----+------+

Report Instance Areas: 
+------+---------+-------+------+
|      |Instance |Module |Cells |
+------+---------+-------+------+
|1     |top      |       |   291|
+------+---------+-------+------+
---------------------------------------------------------------------------------
Finished Writing Synthesis Report : Time (s): cpu = 00:00:26 ; elapsed = 00:00:26 . Memory (MB): peak = 1954.898 ; gain = 618.891 ; free physical = 1950 ; free virtual = 11081
---------------------------------------------------------------------------------
Synthesis finished with 0 errors, 0 critical warnings and 7 warnings.
Synthesis Optimization Runtime : Time (s): cpu = 00:00:26 ; elapsed = 00:00:26 . Memory (MB): peak = 1954.898 ; gain = 618.891 ; free physical = 1950 ; free virtual = 11081
Synthesis Optimization Complete : Time (s): cpu = 00:00:26 ; elapsed = 00:00:26 . Memory (MB): peak = 1954.906 ; gain = 618.891 ; free physical = 1950 ; free virtual = 11081
INFO: [Project 1-571] Translating synthesized netlist
Netlist sorting complete. Time (s): cpu = 00:00:00 ; elapsed = 00:00:00 . Memory (MB): peak = 1957.867 ; gain = 0.000 ; free physical = 2231 ; free virtual = 11362
INFO: [Project 1-570] Preparing netlist for logic optimization
INFO: [Opt 31-138] Pushed 0 inverter(s) to 0 load pin(s).
Netlist sorting complete. Time (s): cpu = 00:00:00 ; elapsed = 00:00:00 . Memory (MB): peak = 2084.645 ; gain = 0.000 ; free physical = 2178 ; free virtual = 11310
INFO: [Project 1-111] Unisim Transformation Summary:
No Unisim elements were transformed.

Synth Design complete | Checksum: 2d7d5722
INFO: [Common 17-83] Releasing license: Synthesis
12 Infos, 7 Warnings, 0 Critical Warnings and 0 Errors encountered.
synth_design completed successfully
synth_design: Time (s): cpu = 00:00:35 ; elapsed = 00:00:29 . Memory (MB): peak = 2084.680 ; gain = 748.672 ; free physical = 2177 ; free virtual = 11309
INFO: [Common 17-2834] synth_design peak Physical Memory [PSS] (MB): overall = 1613.609; main = 1341.006; forked = 377.606
INFO: [Common 17-2834] synth_design peak Virtual Memory [VSS] (MB): overall = 2944.105; main = 2084.648; forked = 989.203
Write ShapeDB Complete: Time (s): cpu = 00:00:00 ; elapsed = 00:00:00.01 . Memory (MB): peak = 2108.656 ; gain = 0.000 ; free physical = 2177 ; free virtual = 11309
INFO: [Common 17-1381] The checkpoint '/home/satishkumar/PC/Bluespec_sv/Learning/AdderCircuits/CarrySelectAdder32/Vivado_synth/CSE_32/CSE_32.runs/synth_1/mkCSE32.dcp' has been generated.
INFO: [runtcl-4] Executing : report_utilization -file mkCSE32_utilization_synth.rpt -pb mkCSE32_utilization_synth.pb
INFO: [Common 17-206] Exiting Vivado at Thu Jun  6 16:32:39 2024...
