
*** Running vivado
    with args -log mkCLA32.vdi -applog -m64 -product Vivado -messageDb vivado.pb -mode batch -source mkCLA32.tcl -notrace


****** Vivado v2023.2 (64-bit)
  **** SW Build 4029153 on Fri Oct 13 20:13:54 MDT 2023
  **** IP Build 4028589 on Sat Oct 14 00:45:43 MDT 2023
  **** SharedData Build 4025554 on Tue Oct 10 17:18:54 MDT 2023
    ** Copyright 1986-2022 Xilinx, Inc. All Rights Reserved.
    ** Copyright 2022-2023 Advanced Micro Devices, Inc. All Rights Reserved.

source mkCLA32.tcl -notrace
WARNING: [Common 17-1361] You have specified a new message control rule that is equivalent to an existing rule with attributes ' -id {17-179}  -suppress '. The existing rule will be replaced.
WARNING: [Common 17-1361] You have specified a new message control rule that is equivalent to an existing rule with attributes ' -id {17-179}  -suppress '. The existing rule will be replaced.
WARNING: [Common 17-1361] You have specified a new message control rule that is equivalent to an existing rule with attributes ' -id {17-179}  -suppress '. The existing rule will be replaced.
WARNING: [Common 17-1361] You have specified a new message control rule that is equivalent to an existing rule with attributes ' -id {17-179}  -suppress '. The existing rule will be replaced.
WARNING: [Common 17-1361] You have specified a new message control rule that is equivalent to an existing rule with attributes ' -id {17-179}  -suppress '. The existing rule will be replaced.
Command: link_design -top mkCLA32 -part xc7s50csga324-2
Design is defaulting to srcset: sources_1
Design is defaulting to constrset: constrs_1
INFO: [Device 21-403] Loading part xc7s50csga324-2
Netlist sorting complete. Time (s): cpu = 00:00:00 ; elapsed = 00:00:00 . Memory (MB): peak = 1621.254 ; gain = 0.000 ; free physical = 1842 ; free virtual = 11260
INFO: [Project 1-479] Netlist was created with Vivado 2023.2
INFO: [Project 1-570] Preparing netlist for logic optimization
Parsing XDC File [/home/satishkumar/PC/Bluespec_sv/Learning/AdderCircuits/CarryLookAhead32/CLA_32/CLA_32.srcs/constrs_1/new/constraints.xdc]
INFO: [Vivado 12-2286] Implicit search of objects for pattern 'CLK' matched to 'port' objects. [/home/satishkumar/PC/Bluespec_sv/Learning/AdderCircuits/CarryLookAhead32/CLA_32/CLA_32.srcs/constrs_1/new/constraints.xdc:1]
Resolution: To avoid ambiguous patterns, provide proper objects using get commands e.g. [get_nets xyz].
Finished Parsing XDC File [/home/satishkumar/PC/Bluespec_sv/Learning/AdderCircuits/CarryLookAhead32/CLA_32/CLA_32.srcs/constrs_1/new/constraints.xdc]
INFO: [Opt 31-138] Pushed 0 inverter(s) to 0 load pin(s).
Netlist sorting complete. Time (s): cpu = 00:00:00 ; elapsed = 00:00:00 . Memory (MB): peak = 1778.719 ; gain = 0.000 ; free physical = 1733 ; free virtual = 11152
INFO: [Project 1-111] Unisim Transformation Summary:
No Unisim elements were transformed.

6 Infos, 5 Warnings, 0 Critical Warnings and 0 Errors encountered.
link_design completed successfully
Command: opt_design
Attempting to get a license for feature 'Implementation' and/or device 'xc7s50'
INFO: [Common 17-349] Got license for feature 'Implementation' and/or device 'xc7s50'
Running DRC as a precondition to command opt_design

Starting DRC Task
INFO: [DRC 23-27] Running DRC with 8 threads
INFO: [Project 1-461] DRC finished with 0 Errors
INFO: [Project 1-462] Please refer to the DRC report (report_drc) for more information.

Time (s): cpu = 00:00:00.55 ; elapsed = 00:00:00.32 . Memory (MB): peak = 1869.469 ; gain = 84.777 ; free physical = 1711 ; free virtual = 11129

Starting Cache Timing Information Task
INFO: [Timing 38-35] Done setting XDC timing constraints.
Ending Cache Timing Information Task | Checksum: 12f8ec3c6

Time (s): cpu = 00:00:04 ; elapsed = 00:00:04 . Memory (MB): peak = 2272.258 ; gain = 402.789 ; free physical = 1404 ; free virtual = 10814

Starting Logic Optimization Task

Phase 1 Initialization

Phase 1.1 Core Generation And Design Setup
Phase 1.1 Core Generation And Design Setup | Checksum: 12f8ec3c6

Time (s): cpu = 00:00:00 ; elapsed = 00:00:00 . Memory (MB): peak = 2588.062 ; gain = 0.000 ; free physical = 1099 ; free virtual = 10508

Phase 1.2 Setup Constraints And Sort Netlist
Phase 1.2 Setup Constraints And Sort Netlist | Checksum: 12f8ec3c6

Time (s): cpu = 00:00:00 ; elapsed = 00:00:00.01 . Memory (MB): peak = 2588.062 ; gain = 0.000 ; free physical = 1099 ; free virtual = 10508
Phase 1 Initialization | Checksum: 12f8ec3c6

Time (s): cpu = 00:00:00 ; elapsed = 00:00:00.01 . Memory (MB): peak = 2588.062 ; gain = 0.000 ; free physical = 1099 ; free virtual = 10508

Phase 2 Timer Update And Timing Data Collection

Phase 2.1 Timer Update
Phase 2.1 Timer Update | Checksum: 12f8ec3c6

Time (s): cpu = 00:00:00.01 ; elapsed = 00:00:00.01 . Memory (MB): peak = 2588.062 ; gain = 0.000 ; free physical = 1099 ; free virtual = 10508

Phase 2.2 Timing Data Collection
Phase 2.2 Timing Data Collection | Checksum: 12f8ec3c6

Time (s): cpu = 00:00:00.01 ; elapsed = 00:00:00.01 . Memory (MB): peak = 2588.062 ; gain = 0.000 ; free physical = 1099 ; free virtual = 10508
Phase 2 Timer Update And Timing Data Collection | Checksum: 12f8ec3c6

Time (s): cpu = 00:00:00.01 ; elapsed = 00:00:00.01 . Memory (MB): peak = 2588.062 ; gain = 0.000 ; free physical = 1099 ; free virtual = 10508

Phase 3 Retarget
INFO: [Opt 31-138] Pushed 0 inverter(s) to 0 load pin(s).
INFO: [Opt 31-49] Retargeted 0 cell(s).
Phase 3 Retarget | Checksum: 12f8ec3c6

Time (s): cpu = 00:00:00.01 ; elapsed = 00:00:00.02 . Memory (MB): peak = 2588.062 ; gain = 0.000 ; free physical = 1099 ; free virtual = 10508
Retarget | Checksum: 12f8ec3c6
INFO: [Opt 31-389] Phase Retarget created 0 cells and removed 0 cells

Phase 4 Constant propagation
INFO: [Opt 31-138] Pushed 0 inverter(s) to 0 load pin(s).
Phase 4 Constant propagation | Checksum: 12f8ec3c6

Time (s): cpu = 00:00:00.01 ; elapsed = 00:00:00.02 . Memory (MB): peak = 2588.062 ; gain = 0.000 ; free physical = 1099 ; free virtual = 10508
Constant propagation | Checksum: 12f8ec3c6
INFO: [Opt 31-389] Phase Constant propagation created 0 cells and removed 0 cells

Phase 5 Sweep
Phase 5 Sweep | Checksum: f4fad687

Time (s): cpu = 00:00:00.01 ; elapsed = 00:00:00.02 . Memory (MB): peak = 2588.062 ; gain = 0.000 ; free physical = 1099 ; free virtual = 10508
Sweep | Checksum: f4fad687
INFO: [Opt 31-389] Phase Sweep created 1 cells and removed 0 cells

Phase 6 BUFG optimization
Phase 6 BUFG optimization | Checksum: f4fad687

Time (s): cpu = 00:00:00.02 ; elapsed = 00:00:00.03 . Memory (MB): peak = 2620.078 ; gain = 32.016 ; free physical = 1099 ; free virtual = 10508
BUFG optimization | Checksum: f4fad687
INFO: [Opt 31-662] Phase BUFG optimization created 0 cells of which 0 are BUFGs and removed 0 cells.

Phase 7 Shift Register Optimization
INFO: [Opt 31-1064] SRL Remap converted 0 SRLs to 0 registers and converted 0 registers of register chains to 0 SRLs
Phase 7 Shift Register Optimization | Checksum: f4fad687

Time (s): cpu = 00:00:00.02 ; elapsed = 00:00:00.03 . Memory (MB): peak = 2620.078 ; gain = 32.016 ; free physical = 1099 ; free virtual = 10508
Shift Register Optimization | Checksum: f4fad687
INFO: [Opt 31-389] Phase Shift Register Optimization created 0 cells and removed 0 cells

Phase 8 Post Processing Netlist
Phase 8 Post Processing Netlist | Checksum: f4fad687

Time (s): cpu = 00:00:00.02 ; elapsed = 00:00:00.03 . Memory (MB): peak = 2620.078 ; gain = 32.016 ; free physical = 1099 ; free virtual = 10508
Post Processing Netlist | Checksum: f4fad687
INFO: [Opt 31-389] Phase Post Processing Netlist created 0 cells and removed 0 cells

Phase 9 Finalization

Phase 9.1 Finalizing Design Cores and Updating Shapes
Phase 9.1 Finalizing Design Cores and Updating Shapes | Checksum: 18d41ca7a

Time (s): cpu = 00:00:00.02 ; elapsed = 00:00:00.03 . Memory (MB): peak = 2620.078 ; gain = 32.016 ; free physical = 1099 ; free virtual = 10508

Phase 9.2 Verifying Netlist Connectivity

Starting Connectivity Check Task

Time (s): cpu = 00:00:00 ; elapsed = 00:00:00 . Memory (MB): peak = 2620.078 ; gain = 0.000 ; free physical = 1099 ; free virtual = 10508
Phase 9.2 Verifying Netlist Connectivity | Checksum: 18d41ca7a

Time (s): cpu = 00:00:00.02 ; elapsed = 00:00:00.03 . Memory (MB): peak = 2620.078 ; gain = 32.016 ; free physical = 1099 ; free virtual = 10508
Phase 9 Finalization | Checksum: 18d41ca7a

Time (s): cpu = 00:00:00.02 ; elapsed = 00:00:00.03 . Memory (MB): peak = 2620.078 ; gain = 32.016 ; free physical = 1099 ; free virtual = 10508
Opt_design Change Summary
=========================


-------------------------------------------------------------------------------------------------------------------------
|  Phase                        |  #Cells created  |  #Cells Removed  |  #Constrained objects preventing optimizations  |
-------------------------------------------------------------------------------------------------------------------------
|  Retarget                     |               0  |               0  |                                              0  |
|  Constant propagation         |               0  |               0  |                                              0  |
|  Sweep                        |               1  |               0  |                                              0  |
|  BUFG optimization            |               0  |               0  |                                              0  |
|  Shift Register Optimization  |               0  |               0  |                                              0  |
|  Post Processing Netlist      |               0  |               0  |                                              0  |
-------------------------------------------------------------------------------------------------------------------------


Ending Logic Optimization Task | Checksum: 18d41ca7a

Time (s): cpu = 00:00:00.02 ; elapsed = 00:00:00.03 . Memory (MB): peak = 2620.078 ; gain = 32.016 ; free physical = 1099 ; free virtual = 10508
INFO: [Constraints 18-11670] Building netlist checker database with flags, 0x8
Done building netlist checker database: Time (s): cpu = 00:00:00 ; elapsed = 00:00:00 . Memory (MB): peak = 2620.078 ; gain = 0.000 ; free physical = 1099 ; free virtual = 10508

Starting Power Optimization Task
INFO: [Pwropt 34-132] Skipping clock gating for clocks with a period < 2.00 ns.
Ending Power Optimization Task | Checksum: 18d41ca7a

Time (s): cpu = 00:00:00 ; elapsed = 00:00:00.01 . Memory (MB): peak = 2620.078 ; gain = 0.000 ; free physical = 1099 ; free virtual = 10508

Starting Final Cleanup Task
Ending Final Cleanup Task | Checksum: 18d41ca7a

Time (s): cpu = 00:00:00 ; elapsed = 00:00:00 . Memory (MB): peak = 2620.078 ; gain = 0.000 ; free physical = 1099 ; free virtual = 10508

Starting Netlist Obfuscation Task
Netlist sorting complete. Time (s): cpu = 00:00:00 ; elapsed = 00:00:00 . Memory (MB): peak = 2620.078 ; gain = 0.000 ; free physical = 1099 ; free virtual = 10508
Ending Netlist Obfuscation Task | Checksum: 18d41ca7a

Time (s): cpu = 00:00:00 ; elapsed = 00:00:00 . Memory (MB): peak = 2620.078 ; gain = 0.000 ; free physical = 1099 ; free virtual = 10508
INFO: [Common 17-83] Releasing license: Implementation
24 Infos, 5 Warnings, 0 Critical Warnings and 0 Errors encountered.
opt_design completed successfully
opt_design: Time (s): cpu = 00:00:06 ; elapsed = 00:00:06 . Memory (MB): peak = 2620.078 ; gain = 835.387 ; free physical = 1099 ; free virtual = 10508
INFO: [runtcl-4] Executing : report_drc -file mkCLA32_drc_opted.rpt -pb mkCLA32_drc_opted.pb -rpx mkCLA32_drc_opted.rpx
Command: report_drc -file mkCLA32_drc_opted.rpt -pb mkCLA32_drc_opted.pb -rpx mkCLA32_drc_opted.rpx
INFO: [IP_Flow 19-234] Refreshing IP repositories
INFO: [IP_Flow 19-1704] No user IP repositories specified
INFO: [IP_Flow 19-2313] Loaded Vivado IP repository '/tools/Xilinx/Vivado/2023.2/data/ip'.
INFO: [DRC 23-27] Running DRC with 8 threads
INFO: [Vivado_Tcl 2-168] The results of DRC are in file /home/satishkumar/PC/Bluespec_sv/Learning/AdderCircuits/CarryLookAhead32/CLA_32/CLA_32.runs/impl_1/mkCLA32_drc_opted.rpt.
report_drc completed successfully
INFO: [Timing 38-480] Writing timing data to binary archive.
Write ShapeDB Complete: Time (s): cpu = 00:00:00 ; elapsed = 00:00:00 . Memory (MB): peak = 2652.094 ; gain = 0.000 ; free physical = 1098 ; free virtual = 10507
INFO: [Common 17-1381] The checkpoint '/home/satishkumar/PC/Bluespec_sv/Learning/AdderCircuits/CarryLookAhead32/CLA_32/CLA_32.runs/impl_1/mkCLA32_opt.dcp' has been generated.
Command: place_design
Attempting to get a license for feature 'Implementation' and/or device 'xc7s50'
INFO: [Common 17-349] Got license for feature 'Implementation' and/or device 'xc7s50'
INFO: [Common 17-83] Releasing license: Implementation
INFO: [DRC 23-27] Running DRC with 8 threads
INFO: [Vivado_Tcl 4-198] DRC finished with 0 Errors
INFO: [Vivado_Tcl 4-199] Please refer to the DRC report (report_drc) for more information.
Running DRC as a precondition to command place_design
INFO: [DRC 23-27] Running DRC with 8 threads
INFO: [Vivado_Tcl 4-198] DRC finished with 0 Errors
INFO: [Vivado_Tcl 4-199] Please refer to the DRC report (report_drc) for more information.
INFO: [Place 30-611] Multithreading enabled for place_design using a maximum of 8 CPUs

Starting Placer Task

Phase 1 Placer Initialization

Phase 1.1 Placer Initialization Netlist Sorting
Netlist sorting complete. Time (s): cpu = 00:00:00 ; elapsed = 00:00:00 . Memory (MB): peak = 2652.094 ; gain = 0.000 ; free physical = 1092 ; free virtual = 10501
Phase 1.1 Placer Initialization Netlist Sorting | Checksum: fbacd58e

Time (s): cpu = 00:00:00 ; elapsed = 00:00:00 . Memory (MB): peak = 2652.094 ; gain = 0.000 ; free physical = 1092 ; free virtual = 10501
Netlist sorting complete. Time (s): cpu = 00:00:00 ; elapsed = 00:00:00 . Memory (MB): peak = 2652.094 ; gain = 0.000 ; free physical = 1092 ; free virtual = 10501

Phase 1.2 IO Placement/ Clock Placement/ Build Placer Device
INFO: [Timing 38-35] Done setting XDC timing constraints.
Phase 1.2 IO Placement/ Clock Placement/ Build Placer Device | Checksum: 8a9a7333

Time (s): cpu = 00:00:00.55 ; elapsed = 00:00:00.25 . Memory (MB): peak = 2652.094 ; gain = 0.000 ; free physical = 1080 ; free virtual = 10488

Phase 1.3 Build Placer Netlist Model
Phase 1.3 Build Placer Netlist Model | Checksum: 1482492c9

Time (s): cpu = 00:00:00.77 ; elapsed = 00:00:00.29 . Memory (MB): peak = 2652.094 ; gain = 0.000 ; free physical = 1079 ; free virtual = 10487

Phase 1.4 Constrain Clocks/Macros
Phase 1.4 Constrain Clocks/Macros | Checksum: 1482492c9

Time (s): cpu = 00:00:00.77 ; elapsed = 00:00:00.29 . Memory (MB): peak = 2652.094 ; gain = 0.000 ; free physical = 1079 ; free virtual = 10487
Phase 1 Placer Initialization | Checksum: 1482492c9

Time (s): cpu = 00:00:00.77 ; elapsed = 00:00:00.29 . Memory (MB): peak = 2652.094 ; gain = 0.000 ; free physical = 1079 ; free virtual = 10487

Phase 2 Global Placement

Phase 2.1 Floorplanning
Phase 2.1 Floorplanning | Checksum: 12bc36c86

Time (s): cpu = 00:00:00.86 ; elapsed = 00:00:00.31 . Memory (MB): peak = 2652.094 ; gain = 0.000 ; free physical = 1076 ; free virtual = 10484

Phase 2.2 Update Timing before SLR Path Opt
Phase 2.2 Update Timing before SLR Path Opt | Checksum: 8c58bb1e

Time (s): cpu = 00:00:00.97 ; elapsed = 00:00:00.32 . Memory (MB): peak = 2652.094 ; gain = 0.000 ; free physical = 1075 ; free virtual = 10484

Phase 2.3 Post-Processing in Floorplanning
Phase 2.3 Post-Processing in Floorplanning | Checksum: 8c58bb1e

Time (s): cpu = 00:00:00.97 ; elapsed = 00:00:00.32 . Memory (MB): peak = 2652.094 ; gain = 0.000 ; free physical = 1075 ; free virtual = 10484

Phase 2.4 Global Placement Core

Phase 2.4.1 UpdateTiming Before Physical Synthesis
Phase 2.4.1 UpdateTiming Before Physical Synthesis | Checksum: 9213e07d

Time (s): cpu = 00:00:02 ; elapsed = 00:00:00.46 . Memory (MB): peak = 2652.094 ; gain = 0.000 ; free physical = 1075 ; free virtual = 10483

Phase 2.4.2 Physical Synthesis In Placer
INFO: [Physopt 32-1035] Found 0 LUTNM shape to break, 2 LUT instances to create LUTNM shape
INFO: [Physopt 32-1044] Break lutnm for timing: one critical 0, two critical 0, total 0, new lutff created 0
INFO: [Physopt 32-1138] End 1 Pass. Optimized 1 net or LUT. Breaked 0 LUT, combined 1 existing LUT and moved 0 existing LUT
INFO: [Physopt 32-65] No nets found for high-fanout optimization.
INFO: [Physopt 32-232] Optimized 0 net. Created 0 new instance.
INFO: [Physopt 32-775] End 1 Pass. Optimized 0 net or cell. Created 0 new cell, deleted 0 existing cell and moved 0 existing cell
INFO: [Physopt 32-670] No setup violation found.  DSP Register Optimization was not performed.
INFO: [Physopt 32-670] No setup violation found.  Shift Register to Pipeline Optimization was not performed.
INFO: [Physopt 32-670] No setup violation found.  Shift Register Optimization was not performed.
INFO: [Physopt 32-670] No setup violation found.  BRAM Register Optimization was not performed.
INFO: [Physopt 32-670] No setup violation found.  URAM Register Optimization was not performed.
INFO: [Physopt 32-949] No candidate nets found for dynamic/static region interface net replication
INFO: [Physopt 32-775] End 1 Pass. Optimized 0 net or cell. Created 0 new cell, deleted 0 existing cell and moved 0 existing cell
Netlist sorting complete. Time (s): cpu = 00:00:00 ; elapsed = 00:00:00 . Memory (MB): peak = 2652.094 ; gain = 0.000 ; free physical = 1093 ; free virtual = 10502

Summary of Physical Synthesis Optimizations
============================================


-----------------------------------------------------------------------------------------------------------------------------------------------------------
|  Optimization                                     |  Added Cells  |  Removed Cells  |  Optimized Cells/Nets  |  Dont Touch  |  Iterations  |  Elapsed   |
-----------------------------------------------------------------------------------------------------------------------------------------------------------
|  LUT Combining                                    |            0  |              1  |                     1  |           0  |           1  |  00:00:00  |
|  Retime                                           |            0  |              0  |                     0  |           0  |           1  |  00:00:00  |
|  Very High Fanout                                 |            0  |              0  |                     0  |           0  |           1  |  00:00:00  |
|  DSP Register                                     |            0  |              0  |                     0  |           0  |           0  |  00:00:00  |
|  Shift Register to Pipeline                       |            0  |              0  |                     0  |           0  |           0  |  00:00:00  |
|  Shift Register                                   |            0  |              0  |                     0  |           0  |           0  |  00:00:00  |
|  BRAM Register                                    |            0  |              0  |                     0  |           0  |           0  |  00:00:00  |
|  URAM Register                                    |            0  |              0  |                     0  |           0  |           0  |  00:00:00  |
|  Dynamic/Static Region Interface Net Replication  |            0  |              0  |                     0  |           0  |           1  |  00:00:00  |
|  Total                                            |            0  |              1  |                     1  |           0  |           4  |  00:00:00  |
-----------------------------------------------------------------------------------------------------------------------------------------------------------


Phase 2.4.2 Physical Synthesis In Placer | Checksum: d0b9e4ff

Time (s): cpu = 00:00:02 ; elapsed = 00:00:00.67 . Memory (MB): peak = 2652.094 ; gain = 0.000 ; free physical = 1093 ; free virtual = 10502
Phase 2.4 Global Placement Core | Checksum: 1119acec8

Time (s): cpu = 00:00:02 ; elapsed = 00:00:00.7 . Memory (MB): peak = 2652.094 ; gain = 0.000 ; free physical = 1093 ; free virtual = 10502
Phase 2 Global Placement | Checksum: 1119acec8

Time (s): cpu = 00:00:02 ; elapsed = 00:00:00.7 . Memory (MB): peak = 2652.094 ; gain = 0.000 ; free physical = 1093 ; free virtual = 10502

Phase 3 Detail Placement

Phase 3.1 Commit Multi Column Macros
Phase 3.1 Commit Multi Column Macros | Checksum: fe0c7c55

Time (s): cpu = 00:00:02 ; elapsed = 00:00:00.71 . Memory (MB): peak = 2652.094 ; gain = 0.000 ; free physical = 1093 ; free virtual = 10502

Phase 3.2 Commit Most Macros & LUTRAMs
Phase 3.2 Commit Most Macros & LUTRAMs | Checksum: 91f52e78

Time (s): cpu = 00:00:02 ; elapsed = 00:00:00.73 . Memory (MB): peak = 2652.094 ; gain = 0.000 ; free physical = 1092 ; free virtual = 10500

Phase 3.3 Area Swap Optimization
Phase 3.3 Area Swap Optimization | Checksum: fc09789d

Time (s): cpu = 00:00:02 ; elapsed = 00:00:00.74 . Memory (MB): peak = 2652.094 ; gain = 0.000 ; free physical = 1092 ; free virtual = 10500

Phase 3.4 Pipeline Register Optimization
Phase 3.4 Pipeline Register Optimization | Checksum: 75d1e7fd

Time (s): cpu = 00:00:02 ; elapsed = 00:00:00.74 . Memory (MB): peak = 2652.094 ; gain = 0.000 ; free physical = 1092 ; free virtual = 10500

Phase 3.5 Small Shape Detail Placement
Phase 3.5 Small Shape Detail Placement | Checksum: 151ec9d03

Time (s): cpu = 00:00:03 ; elapsed = 00:00:00.83 . Memory (MB): peak = 2652.094 ; gain = 0.000 ; free physical = 1090 ; free virtual = 10499

Phase 3.6 Re-assign LUT pins
Phase 3.6 Re-assign LUT pins | Checksum: b4704e61

Time (s): cpu = 00:00:03 ; elapsed = 00:00:00.84 . Memory (MB): peak = 2652.094 ; gain = 0.000 ; free physical = 1090 ; free virtual = 10499

Phase 3.7 Pipeline Register Optimization
Phase 3.7 Pipeline Register Optimization | Checksum: 149a3fdc1

Time (s): cpu = 00:00:03 ; elapsed = 00:00:00.84 . Memory (MB): peak = 2652.094 ; gain = 0.000 ; free physical = 1090 ; free virtual = 10499
Phase 3 Detail Placement | Checksum: 149a3fdc1

Time (s): cpu = 00:00:03 ; elapsed = 00:00:00.84 . Memory (MB): peak = 2652.094 ; gain = 0.000 ; free physical = 1090 ; free virtual = 10499

Phase 4 Post Placement Optimization and Clean-Up

Phase 4.1 Post Commit Optimization
INFO: [Timing 38-35] Done setting XDC timing constraints.

Phase 4.1.1 Post Placement Optimization
Post Placement Optimization Initialization | Checksum: 1f71b66d9

Phase 4.1.1.1 BUFG Insertion

Starting Physical Synthesis Task

Phase 1 Physical Synthesis Initialization
INFO: [Physopt 32-721] Multithreading enabled for phys_opt_design using a maximum of 8 CPUs
INFO: [Physopt 32-619] Estimated Timing Summary | WNS=2.564 | TNS=0.000 |
Phase 1 Physical Synthesis Initialization | Checksum: 1aab66ac7

Time (s): cpu = 00:00:00.08 ; elapsed = 00:00:00.01 . Memory (MB): peak = 2652.094 ; gain = 0.000 ; free physical = 1089 ; free virtual = 10498
INFO: [Place 46-56] BUFG insertion identified 0 candidate nets. Inserted BUFG: 0, Replicated BUFG Driver: 0, Skipped due to Placement/Routing Conflicts: 0, Skipped due to Timing Degradation: 0, Skipped due to netlist editing failed: 0.
Ending Physical Synthesis Task | Checksum: 1aab66ac7

Time (s): cpu = 00:00:00.09 ; elapsed = 00:00:00.01 . Memory (MB): peak = 2652.094 ; gain = 0.000 ; free physical = 1089 ; free virtual = 10498
Phase 4.1.1.1 BUFG Insertion | Checksum: 1f71b66d9

Time (s): cpu = 00:00:04 ; elapsed = 00:00:00.98 . Memory (MB): peak = 2652.094 ; gain = 0.000 ; free physical = 1089 ; free virtual = 10498

Phase 4.1.1.2 Post Placement Timing Optimization
INFO: [Place 30-746] Post Placement Timing Summary WNS=2.564. For the most accurate timing information please run report_timing.
Phase 4.1.1.2 Post Placement Timing Optimization | Checksum: 1b9ce08a8

Time (s): cpu = 00:00:04 ; elapsed = 00:00:00.98 . Memory (MB): peak = 2652.094 ; gain = 0.000 ; free physical = 1089 ; free virtual = 10498

Time (s): cpu = 00:00:04 ; elapsed = 00:00:00.98 . Memory (MB): peak = 2652.094 ; gain = 0.000 ; free physical = 1089 ; free virtual = 10498
Phase 4.1 Post Commit Optimization | Checksum: 1b9ce08a8

Time (s): cpu = 00:00:04 ; elapsed = 00:00:00.99 . Memory (MB): peak = 2652.094 ; gain = 0.000 ; free physical = 1089 ; free virtual = 10498

Phase 4.2 Post Placement Cleanup
Phase 4.2 Post Placement Cleanup | Checksum: 1b9ce08a8

Time (s): cpu = 00:00:04 ; elapsed = 00:00:01 . Memory (MB): peak = 2652.094 ; gain = 0.000 ; free physical = 1089 ; free virtual = 10498

Phase 4.3 Placer Reporting

Phase 4.3.1 Print Estimated Congestion
INFO: [Place 30-612] Post-Placement Estimated Congestion 
 ____________________________________________________
|           | Global Congestion | Short Congestion  |
| Direction | Region Size       | Region Size       |
|___________|___________________|___________________|
|      North|                1x1|                1x1|
|___________|___________________|___________________|
|      South|                1x1|                1x1|
|___________|___________________|___________________|
|       East|                1x1|                1x1|
|___________|___________________|___________________|
|       West|                1x1|                1x1|
|___________|___________________|___________________|

Phase 4.3.1 Print Estimated Congestion | Checksum: 1b9ce08a8

Time (s): cpu = 00:00:04 ; elapsed = 00:00:01 . Memory (MB): peak = 2652.094 ; gain = 0.000 ; free physical = 1089 ; free virtual = 10498
Phase 4.3 Placer Reporting | Checksum: 1b9ce08a8

Time (s): cpu = 00:00:04 ; elapsed = 00:00:01 . Memory (MB): peak = 2652.094 ; gain = 0.000 ; free physical = 1089 ; free virtual = 10498

Phase 4.4 Final Placement Cleanup
Netlist sorting complete. Time (s): cpu = 00:00:00 ; elapsed = 00:00:00 . Memory (MB): peak = 2652.094 ; gain = 0.000 ; free physical = 1089 ; free virtual = 10498

Time (s): cpu = 00:00:04 ; elapsed = 00:00:01 . Memory (MB): peak = 2652.094 ; gain = 0.000 ; free physical = 1089 ; free virtual = 10498
Phase 4 Post Placement Optimization and Clean-Up | Checksum: 1772be2ff

Time (s): cpu = 00:00:04 ; elapsed = 00:00:01 . Memory (MB): peak = 2652.094 ; gain = 0.000 ; free physical = 1089 ; free virtual = 10498
Ending Placer Task | Checksum: d67f5032

Time (s): cpu = 00:00:04 ; elapsed = 00:00:01 . Memory (MB): peak = 2652.094 ; gain = 0.000 ; free physical = 1089 ; free virtual = 10498
61 Infos, 5 Warnings, 0 Critical Warnings and 0 Errors encountered.
place_design completed successfully
INFO: [runtcl-4] Executing : report_io -file mkCLA32_io_placed.rpt
report_io: Time (s): cpu = 00:00:00.13 ; elapsed = 00:00:00.11 . Memory (MB): peak = 2652.094 ; gain = 0.000 ; free physical = 1079 ; free virtual = 10488
INFO: [runtcl-4] Executing : report_utilization -file mkCLA32_utilization_placed.rpt -pb mkCLA32_utilization_placed.pb
INFO: [runtcl-4] Executing : report_control_sets -verbose -file mkCLA32_control_sets_placed.rpt
report_control_sets: Time (s): cpu = 00:00:00.02 ; elapsed = 00:00:00.05 . Memory (MB): peak = 2652.094 ; gain = 0.000 ; free physical = 1068 ; free virtual = 10477
INFO: [Timing 38-480] Writing timing data to binary archive.
Write ShapeDB Complete: Time (s): cpu = 00:00:00 ; elapsed = 00:00:00.01 . Memory (MB): peak = 2652.094 ; gain = 0.000 ; free physical = 1068 ; free virtual = 10477
Wrote PlaceDB: Time (s): cpu = 00:00:00.03 ; elapsed = 00:00:00.01 . Memory (MB): peak = 2652.094 ; gain = 0.000 ; free physical = 1068 ; free virtual = 10477
Wrote PulsedLatchDB: Time (s): cpu = 00:00:00 ; elapsed = 00:00:00 . Memory (MB): peak = 2652.094 ; gain = 0.000 ; free physical = 1068 ; free virtual = 10477
Writing XDEF routing.
Writing XDEF routing logical nets.
Writing XDEF routing special nets.
Wrote RouteStorage: Time (s): cpu = 00:00:00.01 ; elapsed = 00:00:00.01 . Memory (MB): peak = 2652.094 ; gain = 0.000 ; free physical = 1068 ; free virtual = 10477
Wrote Netlist Cache: Time (s): cpu = 00:00:00 ; elapsed = 00:00:00 . Memory (MB): peak = 2652.094 ; gain = 0.000 ; free physical = 1068 ; free virtual = 10477
Wrote Device Cache: Time (s): cpu = 00:00:00.01 ; elapsed = 00:00:00 . Memory (MB): peak = 2652.094 ; gain = 0.000 ; free physical = 1068 ; free virtual = 10477
Write Physdb Complete: Time (s): cpu = 00:00:00.05 ; elapsed = 00:00:00.02 . Memory (MB): peak = 2652.094 ; gain = 0.000 ; free physical = 1068 ; free virtual = 10477
INFO: [Common 17-1381] The checkpoint '/home/satishkumar/PC/Bluespec_sv/Learning/AdderCircuits/CarryLookAhead32/CLA_32/CLA_32.runs/impl_1/mkCLA32_placed.dcp' has been generated.
Command: phys_opt_design
Attempting to get a license for feature 'Implementation' and/or device 'xc7s50'
INFO: [Common 17-349] Got license for feature 'Implementation' and/or device 'xc7s50'

Starting Initial Update Timing Task

Time (s): cpu = 00:00:00.02 ; elapsed = 00:00:00.03 . Memory (MB): peak = 2653.098 ; gain = 0.000 ; free physical = 1055 ; free virtual = 10464
INFO: [Vivado_Tcl 4-383] Design worst setup slack (WNS) is greater than or equal to 0.000 ns. Skipping all physical synthesis optimizations.
INFO: [Vivado_Tcl 4-232] No setup violation found. The netlist was not modified.
INFO: [Common 17-83] Releasing license: Implementation
70 Infos, 5 Warnings, 0 Critical Warnings and 0 Errors encountered.
phys_opt_design completed successfully
INFO: [Timing 38-480] Writing timing data to binary archive.
Write ShapeDB Complete: Time (s): cpu = 00:00:00 ; elapsed = 00:00:00 . Memory (MB): peak = 2703.926 ; gain = 9.906 ; free physical = 1055 ; free virtual = 10464
Wrote PlaceDB: Time (s): cpu = 00:00:00.02 ; elapsed = 00:00:00 . Memory (MB): peak = 2703.926 ; gain = 9.906 ; free physical = 1055 ; free virtual = 10464
Wrote PulsedLatchDB: Time (s): cpu = 00:00:00 ; elapsed = 00:00:00 . Memory (MB): peak = 2703.926 ; gain = 0.000 ; free physical = 1055 ; free virtual = 10464
Writing XDEF routing.
Writing XDEF routing logical nets.
Writing XDEF routing special nets.
Wrote RouteStorage: Time (s): cpu = 00:00:00.01 ; elapsed = 00:00:00.01 . Memory (MB): peak = 2703.926 ; gain = 0.000 ; free physical = 1053 ; free virtual = 10463
Wrote Netlist Cache: Time (s): cpu = 00:00:00 ; elapsed = 00:00:00 . Memory (MB): peak = 2703.926 ; gain = 0.000 ; free physical = 1053 ; free virtual = 10463
Wrote Device Cache: Time (s): cpu = 00:00:00.01 ; elapsed = 00:00:00 . Memory (MB): peak = 2703.926 ; gain = 0.000 ; free physical = 1053 ; free virtual = 10463
Write Physdb Complete: Time (s): cpu = 00:00:00.04 ; elapsed = 00:00:00.01 . Memory (MB): peak = 2703.926 ; gain = 9.906 ; free physical = 1053 ; free virtual = 10463
INFO: [Common 17-1381] The checkpoint '/home/satishkumar/PC/Bluespec_sv/Learning/AdderCircuits/CarryLookAhead32/CLA_32/CLA_32.runs/impl_1/mkCLA32_physopt.dcp' has been generated.
Command: route_design
Attempting to get a license for feature 'Implementation' and/or device 'xc7s50'
INFO: [Common 17-349] Got license for feature 'Implementation' and/or device 'xc7s50'
Running DRC as a precondition to command route_design
INFO: [DRC 23-27] Running DRC with 8 threads
INFO: [Vivado_Tcl 4-198] DRC finished with 0 Errors
INFO: [Vivado_Tcl 4-199] Please refer to the DRC report (report_drc) for more information.


Starting Routing Task
INFO: [Route 35-254] Multithreading enabled for route_design using a maximum of 8 CPUs

Phase 1 Build RT Design
Checksum: PlaceDB: 439c9cee ConstDB: 0 ShapeSum: 92e2b344 RouteDB: 0
Post Restoration Checksum: NetGraph: 6139fcd5 | NumContArr: 73594142 | Constraints: c2a8fa9d | Timing: c2a8fa9d
Phase 1 Build RT Design | Checksum: 259e53351

Time (s): cpu = 00:00:11 ; elapsed = 00:00:09 . Memory (MB): peak = 2815.316 ; gain = 48.656 ; free physical = 907 ; free virtual = 10325

Phase 2 Router Initialization

Phase 2.1 Fix Topology Constraints
Phase 2.1 Fix Topology Constraints | Checksum: 259e53351

Time (s): cpu = 00:00:11 ; elapsed = 00:00:09 . Memory (MB): peak = 2815.316 ; gain = 48.656 ; free physical = 907 ; free virtual = 10325

Phase 2.2 Pre Route Cleanup
Phase 2.2 Pre Route Cleanup | Checksum: 259e53351

Time (s): cpu = 00:00:11 ; elapsed = 00:00:09 . Memory (MB): peak = 2815.316 ; gain = 48.656 ; free physical = 907 ; free virtual = 10325
 Number of Nodes with overlaps = 0

Phase 2.3 Update Timing
Phase 2.3 Update Timing | Checksum: 234fd06c6

Time (s): cpu = 00:00:11 ; elapsed = 00:00:09 . Memory (MB): peak = 2832.316 ; gain = 65.656 ; free physical = 889 ; free virtual = 10307
INFO: [Route 35-416] Intermediate Timing Summary | WNS=2.624  | TNS=0.000  | WHS=-0.129 | THS=-0.718 |


Router Utilization Summary
  Global Vertical Routing Utilization    = 0 %
  Global Horizontal Routing Utilization  = 0 %
  Routable Net Status*
  *Does not include unroutable nets such as driverless and loadless.
  Run report_route_status for detailed report.
  Number of Failed Nets               = 228
    (Failed Nets is the sum of unrouted and partially routed nets)
  Number of Unrouted Nets             = 228
  Number of Partially Routed Nets     = 0
  Number of Node Overlaps             = 0

Phase 2 Router Initialization | Checksum: 15c128144

Time (s): cpu = 00:00:11 ; elapsed = 00:00:09 . Memory (MB): peak = 2834.316 ; gain = 67.656 ; free physical = 888 ; free virtual = 10306

Phase 3 Initial Routing

Phase 3.1 Global Routing
Phase 3.1 Global Routing | Checksum: 15c128144

Time (s): cpu = 00:00:11 ; elapsed = 00:00:09 . Memory (MB): peak = 2834.316 ; gain = 67.656 ; free physical = 888 ; free virtual = 10306

Phase 3.2 Initial Net Routing
Phase 3.2 Initial Net Routing | Checksum: 29af125a4

Time (s): cpu = 00:00:11 ; elapsed = 00:00:09 . Memory (MB): peak = 2834.316 ; gain = 67.656 ; free physical = 888 ; free virtual = 10305
Phase 3 Initial Routing | Checksum: 29af125a4

Time (s): cpu = 00:00:11 ; elapsed = 00:00:09 . Memory (MB): peak = 2834.316 ; gain = 67.656 ; free physical = 888 ; free virtual = 10305

Phase 4 Rip-up And Reroute

Phase 4.1 Global Iteration 0
 Number of Nodes with overlaps = 16
 Number of Nodes with overlaps = 2
 Number of Nodes with overlaps = 0
INFO: [Route 35-416] Intermediate Timing Summary | WNS=2.664  | TNS=0.000  | WHS=N/A    | THS=N/A    |

Phase 4.1 Global Iteration 0 | Checksum: 2cb45e684

Time (s): cpu = 00:00:12 ; elapsed = 00:00:09 . Memory (MB): peak = 2834.316 ; gain = 67.656 ; free physical = 892 ; free virtual = 10309
Phase 4 Rip-up And Reroute | Checksum: 2cb45e684

Time (s): cpu = 00:00:12 ; elapsed = 00:00:09 . Memory (MB): peak = 2834.316 ; gain = 67.656 ; free physical = 892 ; free virtual = 10309

Phase 5 Delay and Skew Optimization

Phase 5.1 Delay CleanUp
Phase 5.1 Delay CleanUp | Checksum: 2cb45e684

Time (s): cpu = 00:00:12 ; elapsed = 00:00:09 . Memory (MB): peak = 2834.316 ; gain = 67.656 ; free physical = 892 ; free virtual = 10309

Phase 5.2 Clock Skew Optimization
Phase 5.2 Clock Skew Optimization | Checksum: 2cb45e684

Time (s): cpu = 00:00:12 ; elapsed = 00:00:09 . Memory (MB): peak = 2834.316 ; gain = 67.656 ; free physical = 892 ; free virtual = 10309
Phase 5 Delay and Skew Optimization | Checksum: 2cb45e684

Time (s): cpu = 00:00:12 ; elapsed = 00:00:09 . Memory (MB): peak = 2834.316 ; gain = 67.656 ; free physical = 892 ; free virtual = 10309

Phase 6 Post Hold Fix

Phase 6.1 Hold Fix Iter

Phase 6.1.1 Update Timing
Phase 6.1.1 Update Timing | Checksum: 1ee86f651

Time (s): cpu = 00:00:12 ; elapsed = 00:00:09 . Memory (MB): peak = 2834.316 ; gain = 67.656 ; free physical = 892 ; free virtual = 10309
INFO: [Route 35-416] Intermediate Timing Summary | WNS=2.731  | TNS=0.000  | WHS=0.155  | THS=0.000  |

Phase 6.1 Hold Fix Iter | Checksum: 1ee86f651

Time (s): cpu = 00:00:12 ; elapsed = 00:00:09 . Memory (MB): peak = 2834.316 ; gain = 67.656 ; free physical = 892 ; free virtual = 10309
Phase 6 Post Hold Fix | Checksum: 1ee86f651

Time (s): cpu = 00:00:12 ; elapsed = 00:00:09 . Memory (MB): peak = 2834.316 ; gain = 67.656 ; free physical = 892 ; free virtual = 10309

Phase 7 Route finalize

Router Utilization Summary
  Global Vertical Routing Utilization    = 0.187595 %
  Global Horizontal Routing Utilization  = 0.339927 %
  Routable Net Status*
  *Does not include unroutable nets such as driverless and loadless.
  Run report_route_status for detailed report.
  Number of Failed Nets               = 0
    (Failed Nets is the sum of unrouted and partially routed nets)
  Number of Unrouted Nets             = 0
  Number of Partially Routed Nets     = 0
  Number of Node Overlaps             = 0

Phase 7 Route finalize | Checksum: 1ee86f651

Time (s): cpu = 00:00:12 ; elapsed = 00:00:09 . Memory (MB): peak = 2834.316 ; gain = 67.656 ; free physical = 892 ; free virtual = 10309

Phase 8 Verifying routed nets

 Verification completed successfully
Phase 8 Verifying routed nets | Checksum: 1ee86f651

Time (s): cpu = 00:00:12 ; elapsed = 00:00:09 . Memory (MB): peak = 2834.316 ; gain = 67.656 ; free physical = 891 ; free virtual = 10309

Phase 9 Depositing Routes
Phase 9 Depositing Routes | Checksum: 1f3f26ca2

Time (s): cpu = 00:00:12 ; elapsed = 00:00:09 . Memory (MB): peak = 2834.316 ; gain = 67.656 ; free physical = 891 ; free virtual = 10309

Phase 10 Post Router Timing
INFO: [Route 35-57] Estimated Timing Summary | WNS=2.731  | TNS=0.000  | WHS=0.155  | THS=0.000  |

INFO: [Route 35-327] The final timing numbers are based on the router estimated timing analysis. For a complete and accurate timing signoff, please run report_timing_summary.
Phase 10 Post Router Timing | Checksum: 1f3f26ca2

Time (s): cpu = 00:00:12 ; elapsed = 00:00:09 . Memory (MB): peak = 2834.316 ; gain = 67.656 ; free physical = 891 ; free virtual = 10309
INFO: [Route 35-16] Router Completed Successfully

Phase 11 Post-Route Event Processing
Phase 11 Post-Route Event Processing | Checksum: 1353f8ec3

Time (s): cpu = 00:00:12 ; elapsed = 00:00:09 . Memory (MB): peak = 2834.316 ; gain = 67.656 ; free physical = 891 ; free virtual = 10309
Ending Routing Task | Checksum: 1353f8ec3

Time (s): cpu = 00:00:12 ; elapsed = 00:00:09 . Memory (MB): peak = 2834.316 ; gain = 67.656 ; free physical = 891 ; free virtual = 10308

Routing Is Done.
INFO: [Common 17-83] Releasing license: Implementation
84 Infos, 5 Warnings, 0 Critical Warnings and 0 Errors encountered.
route_design completed successfully
route_design: Time (s): cpu = 00:00:12 ; elapsed = 00:00:10 . Memory (MB): peak = 2834.316 ; gain = 130.391 ; free physical = 891 ; free virtual = 10308
INFO: [runtcl-4] Executing : report_drc -file mkCLA32_drc_routed.rpt -pb mkCLA32_drc_routed.pb -rpx mkCLA32_drc_routed.rpx
Command: report_drc -file mkCLA32_drc_routed.rpt -pb mkCLA32_drc_routed.pb -rpx mkCLA32_drc_routed.rpx
INFO: [IP_Flow 19-1839] IP Catalog is up to date.
INFO: [DRC 23-27] Running DRC with 8 threads
INFO: [Vivado_Tcl 2-168] The results of DRC are in file /home/satishkumar/PC/Bluespec_sv/Learning/AdderCircuits/CarryLookAhead32/CLA_32/CLA_32.runs/impl_1/mkCLA32_drc_routed.rpt.
report_drc completed successfully
INFO: [runtcl-4] Executing : report_methodology -file mkCLA32_methodology_drc_routed.rpt -pb mkCLA32_methodology_drc_routed.pb -rpx mkCLA32_methodology_drc_routed.rpx
Command: report_methodology -file mkCLA32_methodology_drc_routed.rpt -pb mkCLA32_methodology_drc_routed.pb -rpx mkCLA32_methodology_drc_routed.rpx
INFO: [Timing 38-35] Done setting XDC timing constraints.
INFO: [DRC 23-133] Running Methodology with 8 threads
INFO: [Vivado_Tcl 2-1520] The results of Report Methodology are in file /home/satishkumar/PC/Bluespec_sv/Learning/AdderCircuits/CarryLookAhead32/CLA_32/CLA_32.runs/impl_1/mkCLA32_methodology_drc_routed.rpt.
report_methodology completed successfully
INFO: [runtcl-4] Executing : report_power -file mkCLA32_power_routed.rpt -pb mkCLA32_power_summary_routed.pb -rpx mkCLA32_power_routed.rpx
Command: report_power -file mkCLA32_power_routed.rpt -pb mkCLA32_power_summary_routed.pb -rpx mkCLA32_power_routed.rpx
INFO: [Timing 38-35] Done setting XDC timing constraints.
Running Vector-less Activity Propagation...

Finished Running Vector-less Activity Propagation
94 Infos, 5 Warnings, 0 Critical Warnings and 0 Errors encountered.
report_power completed successfully
INFO: [runtcl-4] Executing : report_route_status -file mkCLA32_route_status.rpt -pb mkCLA32_route_status.pb
INFO: [runtcl-4] Executing : report_timing_summary -max_paths 10 -report_unconstrained -file mkCLA32_timing_summary_routed.rpt -pb mkCLA32_timing_summary_routed.pb -rpx mkCLA32_timing_summary_routed.rpx -warn_on_violation 
INFO: [Timing 38-91] UpdateTimingParams: Speed grade: -2, Delay Type: min_max.
INFO: [Timing 38-191] Multithreading enabled for timing update using a maximum of 8 CPUs
INFO: [runtcl-4] Executing : report_incremental_reuse -file mkCLA32_incremental_reuse_routed.rpt
INFO: [Vivado_Tcl 4-1062] Incremental flow is disabled. No incremental reuse Info to report.
INFO: [runtcl-4] Executing : report_clock_utilization -file mkCLA32_clock_utilization_routed.rpt
INFO: [runtcl-4] Executing : report_bus_skew -warn_on_violation -file mkCLA32_bus_skew_routed.rpt -pb mkCLA32_bus_skew_routed.pb -rpx mkCLA32_bus_skew_routed.rpx
INFO: [Timing 38-91] UpdateTimingParams: Speed grade: -2, Delay Type: min_max.
INFO: [Timing 38-191] Multithreading enabled for timing update using a maximum of 8 CPUs
INFO: [Timing 38-480] Writing timing data to binary archive.
Write ShapeDB Complete: Time (s): cpu = 00:00:00 ; elapsed = 00:00:00 . Memory (MB): peak = 2942.203 ; gain = 0.000 ; free physical = 860 ; free virtual = 10277
Wrote PlaceDB: Time (s): cpu = 00:00:00.04 ; elapsed = 00:00:00.02 . Memory (MB): peak = 2942.203 ; gain = 0.000 ; free physical = 860 ; free virtual = 10277
Wrote PulsedLatchDB: Time (s): cpu = 00:00:00 ; elapsed = 00:00:00 . Memory (MB): peak = 2942.203 ; gain = 0.000 ; free physical = 860 ; free virtual = 10277
Writing XDEF routing.
Writing XDEF routing logical nets.
Writing XDEF routing special nets.
Wrote RouteStorage: Time (s): cpu = 00:00:00.01 ; elapsed = 00:00:00.01 . Memory (MB): peak = 2942.203 ; gain = 0.000 ; free physical = 859 ; free virtual = 10277
Wrote Netlist Cache: Time (s): cpu = 00:00:00 ; elapsed = 00:00:00 . Memory (MB): peak = 2942.203 ; gain = 0.000 ; free physical = 859 ; free virtual = 10277
Wrote Device Cache: Time (s): cpu = 00:00:00.01 ; elapsed = 00:00:00 . Memory (MB): peak = 2942.203 ; gain = 0.000 ; free physical = 859 ; free virtual = 10276
Write Physdb Complete: Time (s): cpu = 00:00:00.06 ; elapsed = 00:00:00.03 . Memory (MB): peak = 2942.203 ; gain = 0.000 ; free physical = 859 ; free virtual = 10276
INFO: [Common 17-1381] The checkpoint '/home/satishkumar/PC/Bluespec_sv/Learning/AdderCircuits/CarryLookAhead32/CLA_32/CLA_32.runs/impl_1/mkCLA32_routed.dcp' has been generated.
INFO: [Common 17-206] Exiting Vivado at Sun Jun  9 18:52:50 2024...
